{"C:\\Users\\ASUS\\Desktop\\Universidad\\Proyecto\\Guacal-app\\test.ts":{"path":"C:\\Users\\ASUS\\Desktop\\Universidad\\Proyecto\\Guacal-app\\test.ts","statementMap":{"0":{"start":{"line":2,"column":22},"end":{"line":12,"column":3}},"1":{"start":{"line":3,"column":4},"end":{"line":3,"column":33}},"2":{"start":{"line":3,"column":26},"end":{"line":3,"column":33}},"3":{"start":{"line":4,"column":15},"end":{"line":4,"column":52}},"4":{"start":{"line":5,"column":4},"end":{"line":7,"column":5}},"5":{"start":{"line":6,"column":6},"end":{"line":6,"column":68}},"6":{"start":{"line":6,"column":51},"end":{"line":6,"column":63}},"7":{"start":{"line":8,"column":4},"end":{"line":8,"column":39}},"8":{"start":{"line":10,"column":4},"end":{"line":10,"column":33}},"9":{"start":{"line":10,"column":26},"end":{"line":10,"column":33}},"10":{"start":{"line":11,"column":4},"end":{"line":11,"column":17}},"11":{"start":{"line":13,"column":25},"end":{"line":17,"column":2}},"12":{"start":{"line":14,"column":4},"end":{"line":14,"column":72}},"13":{"start":{"line":16,"column":4},"end":{"line":16,"column":21}},"14":{"start":{"line":18,"column":19},"end":{"line":24,"column":1}},"15":{"start":{"line":19,"column":4},"end":{"line":19,"column":42}},"16":{"start":{"line":19,"column":31},"end":{"line":19,"column":42}},"17":{"start":{"line":20,"column":17},"end":{"line":20,"column":19}},"18":{"start":{"line":21,"column":4},"end":{"line":21,"column":141}},"19":{"start":{"line":21,"column":21},"end":{"line":21,"column":141}},"20":{"start":{"line":21,"column":40},"end":{"line":21,"column":141}},"21":{"start":{"line":21,"column":109},"end":{"line":21,"column":141}},"22":{"start":{"line":22,"column":4},"end":{"line":22,"column":36}},"23":{"start":{"line":23,"column":4},"end":{"line":23,"column":18}},"24":{"start":{"line":25,"column":22},"end":{"line":27,"column":1}},"25":{"start":{"line":26,"column":4},"end":{"line":26,"column":62}},"26":{"start":{"line":28,"column":0},"end":{"line":28,"column":62}},"27":{"start":{"line":29,"column":0},"end":{"line":29,"column":30}},"28":{"start":{"line":30,"column":0},"end":{"line":30,"column":28}},"29":{"start":{"line":31,"column":29},"end":{"line":31,"column":75}},"30":{"start":{"line":32,"column":21},"end":{"line":32,"column":63}},"31":{"start":{"line":33,"column":17},"end":{"line":33,"column":40}},"32":{"start":{"line":34,"column":0},"end":{"line":34,"column":74}},"33":{"start":{"line":35,"column":15},"end":{"line":35,"column":65}},"34":{"start":{"line":36,"column":0},"end":{"line":53,"column":3}},"35":{"start":{"line":38,"column":16},"end":{"line":38,"column":88}},"36":{"start":{"line":38,"column":45},"end":{"line":38,"column":87}},"37":{"start":{"line":40,"column":16},"end":{"line":40,"column":38}},"38":{"start":{"line":40,"column":23},"end":{"line":40,"column":37}},"39":{"start":{"line":41,"column":4},"end":{"line":51,"column":7}},"40":{"start":{"line":46,"column":36},"end":{"line":46,"column":97}},"41":{"start":{"line":46,"column":65},"end":{"line":46,"column":96}},"42":{"start":{"line":52,"column":4},"end":{"line":52,"column":24}}},"fnMap":{"0":{"name":"(anonymous_0)","decl":{"start":{"line":2,"column":74},"end":{"line":2,"column":75}},"loc":{"start":{"line":2,"column":96},"end":{"line":9,"column":1}},"line":2},"1":{"name":"(anonymous_1)","decl":{"start":{"line":6,"column":38},"end":{"line":6,"column":39}},"loc":{"start":{"line":6,"column":49},"end":{"line":6,"column":65}},"line":6},"2":{"name":"(anonymous_2)","decl":{"start":{"line":9,"column":6},"end":{"line":9,"column":7}},"loc":{"start":{"line":9,"column":28},"end":{"line":12,"column":1}},"line":9},"3":{"name":"(anonymous_3)","decl":{"start":{"line":13,"column":80},"end":{"line":13,"column":81}},"loc":{"start":{"line":13,"column":95},"end":{"line":15,"column":1}},"line":13},"4":{"name":"(anonymous_4)","decl":{"start":{"line":15,"column":5},"end":{"line":15,"column":6}},"loc":{"start":{"line":15,"column":20},"end":{"line":17,"column":1}},"line":15},"5":{"name":"(anonymous_5)","decl":{"start":{"line":18,"column":50},"end":{"line":18,"column":51}},"loc":{"start":{"line":18,"column":65},"end":{"line":24,"column":1}},"line":18},"6":{"name":"(anonymous_6)","decl":{"start":{"line":25,"column":56},"end":{"line":25,"column":57}},"loc":{"start":{"line":25,"column":71},"end":{"line":27,"column":1}},"line":25},"7":{"name":"(anonymous_7)","decl":{"start":{"line":38,"column":10},"end":{"line":38,"column":11}},"loc":{"start":{"line":38,"column":16},"end":{"line":38,"column":88}},"line":38},"8":{"name":"(anonymous_8)","decl":{"start":{"line":38,"column":39},"end":{"line":38,"column":40}},"loc":{"start":{"line":38,"column":45},"end":{"line":38,"column":87}},"line":38},"9":{"name":"(anonymous_9)","decl":{"start":{"line":39,"column":10},"end":{"line":39,"column":11}},"loc":{"start":{"line":39,"column":42},"end":{"line":53,"column":1}},"line":39},"10":{"name":"(anonymous_10)","decl":{"start":{"line":40,"column":17},"end":{"line":40,"column":18}},"loc":{"start":{"line":40,"column":23},"end":{"line":40,"column":37}},"line":40},"11":{"name":"(anonymous_11)","decl":{"start":{"line":46,"column":22},"end":{"line":46,"column":23}},"loc":{"start":{"line":46,"column":36},"end":{"line":46,"column":97}},"line":46},"12":{"name":"(anonymous_12)","decl":{"start":{"line":46,"column":59},"end":{"line":46,"column":60}},"loc":{"start":{"line":46,"column":65},"end":{"line":46,"column":96}},"line":46}},"branchMap":{"0":{"loc":{"start":{"line":2,"column":22},"end":{"line":12,"column":3}},"type":"binary-expr","locations":[{"start":{"line":2,"column":23},"end":{"line":2,"column":27}},{"start":{"line":2,"column":31},"end":{"line":2,"column":51}},{"start":{"line":2,"column":57},"end":{"line":12,"column":2}}],"line":2},"1":{"loc":{"start":{"line":2,"column":57},"end":{"line":12,"column":2}},"type":"cond-expr","locations":[{"start":{"line":2,"column":74},"end":{"line":9,"column":1}},{"start":{"line":9,"column":6},"end":{"line":12,"column":1}}],"line":2},"2":{"loc":{"start":{"line":3,"column":4},"end":{"line":3,"column":33}},"type":"if","locations":[{"start":{"line":3,"column":4},"end":{"line":3,"column":33}},{"start":{"line":3,"column":4},"end":{"line":3,"column":33}}],"line":3},"3":{"loc":{"start":{"line":5,"column":4},"end":{"line":7,"column":5}},"type":"if","locations":[{"start":{"line":5,"column":4},"end":{"line":7,"column":5}},{"start":{"line":5,"column":4},"end":{"line":7,"column":5}}],"line":5},"4":{"loc":{"start":{"line":5,"column":8},"end":{"line":5,"column":85}},"type":"binary-expr","locations":[{"start":{"line":5,"column":8},"end":{"line":5,"column":13}},{"start":{"line":5,"column":18},"end":{"line":5,"column":84}}],"line":5},"5":{"loc":{"start":{"line":5,"column":18},"end":{"line":5,"column":84}},"type":"cond-expr","locations":[{"start":{"line":5,"column":34},"end":{"line":5,"column":47}},{"start":{"line":5,"column":50},"end":{"line":5,"column":84}}],"line":5},"6":{"loc":{"start":{"line":5,"column":50},"end":{"line":5,"column":84}},"type":"binary-expr","locations":[{"start":{"line":5,"column":50},"end":{"line":5,"column":63}},{"start":{"line":5,"column":67},"end":{"line":5,"column":84}}],"line":5},"7":{"loc":{"start":{"line":10,"column":4},"end":{"line":10,"column":33}},"type":"if","locations":[{"start":{"line":10,"column":4},"end":{"line":10,"column":33}},{"start":{"line":10,"column":4},"end":{"line":10,"column":33}}],"line":10},"8":{"loc":{"start":{"line":13,"column":25},"end":{"line":17,"column":2}},"type":"binary-expr","locations":[{"start":{"line":13,"column":26},"end":{"line":13,"column":30}},{"start":{"line":13,"column":34},"end":{"line":13,"column":57}},{"start":{"line":13,"column":63},"end":{"line":17,"column":1}}],"line":13},"9":{"loc":{"start":{"line":13,"column":63},"end":{"line":17,"column":1}},"type":"cond-expr","locations":[{"start":{"line":13,"column":80},"end":{"line":15,"column":1}},{"start":{"line":15,"column":5},"end":{"line":17,"column":1}}],"line":13},"10":{"loc":{"start":{"line":18,"column":19},"end":{"line":24,"column":1}},"type":"binary-expr","locations":[{"start":{"line":18,"column":20},"end":{"line":18,"column":24}},{"start":{"line":18,"column":28},"end":{"line":18,"column":45}},{"start":{"line":18,"column":50},"end":{"line":24,"column":1}}],"line":18},"11":{"loc":{"start":{"line":19,"column":4},"end":{"line":19,"column":42}},"type":"if","locations":[{"start":{"line":19,"column":4},"end":{"line":19,"column":42}},{"start":{"line":19,"column":4},"end":{"line":19,"column":42}}],"line":19},"12":{"loc":{"start":{"line":19,"column":8},"end":{"line":19,"column":29}},"type":"binary-expr","locations":[{"start":{"line":19,"column":8},"end":{"line":19,"column":11}},{"start":{"line":19,"column":15},"end":{"line":19,"column":29}}],"line":19},"13":{"loc":{"start":{"line":21,"column":4},"end":{"line":21,"column":141}},"type":"if","locations":[{"start":{"line":21,"column":4},"end":{"line":21,"column":141}},{"start":{"line":21,"column":4},"end":{"line":21,"column":141}}],"line":21},"14":{"loc":{"start":{"line":21,"column":40},"end":{"line":21,"column":141}},"type":"if","locations":[{"start":{"line":21,"column":40},"end":{"line":21,"column":141}},{"start":{"line":21,"column":40},"end":{"line":21,"column":141}}],"line":21},"15":{"loc":{"start":{"line":21,"column":44},"end":{"line":21,"column":107}},"type":"binary-expr","locations":[{"start":{"line":21,"column":44},"end":{"line":21,"column":59}},{"start":{"line":21,"column":63},"end":{"line":21,"column":107}}],"line":21},"16":{"loc":{"start":{"line":25,"column":22},"end":{"line":27,"column":1}},"type":"binary-expr","locations":[{"start":{"line":25,"column":23},"end":{"line":25,"column":27}},{"start":{"line":25,"column":31},"end":{"line":25,"column":51}},{"start":{"line":25,"column":56},"end":{"line":27,"column":1}}],"line":25},"17":{"loc":{"start":{"line":26,"column":11},"end":{"line":26,"column":61}},"type":"cond-expr","locations":[{"start":{"line":26,"column":37},"end":{"line":26,"column":40}},{"start":{"line":26,"column":43},"end":{"line":26,"column":61}}],"line":26},"18":{"loc":{"start":{"line":26,"column":12},"end":{"line":26,"column":33}},"type":"binary-expr","locations":[{"start":{"line":26,"column":12},"end":{"line":26,"column":15}},{"start":{"line":26,"column":19},"end":{"line":26,"column":33}}],"line":26}},"s":{"0":1,"1":0,"2":0,"3":0,"4":0,"5":0,"6":0,"7":0,"8":0,"9":0,"10":0,"11":1,"12":0,"13":0,"14":1,"15":10,"16":10,"17":0,"18":0,"19":0,"20":0,"21":0,"22":0,"23":0,"24":1,"25":1,"26":1,"27":1,"28":1,"29":1,"30":1,"31":1,"32":1,"33":1,"34":1,"35":1,"36":1,"37":1,"38":1,"39":1,"40":9,"41":9,"42":1},"f":{"0":0,"1":0,"2":0,"3":0,"4":0,"5":10,"6":1,"7":1,"8":1,"9":1,"10":1,"11":9,"12":9},"b":{"0":[1,1,1],"1":[1,0],"2":[0,0],"3":[0,0],"4":[0,0],"5":[0,0],"6":[0,0],"7":[0,0],"8":[1,1,1],"9":[1,0],"10":[1,1,1],"11":[10,0],"12":[10,10],"13":[0,0],"14":[0,0],"15":[0,0],"16":[1,1,1],"17":[0,1],"18":[1,1]},"inputSourceMap":{"version":3,"file":"test.js","sourceRoot":"","sources":["test.ts"],"names":[],"mappings":";;;;;;;;;;;;;;;;;;;;;;;;;;;;AAcA,OAAO,CAAC,GAAG,CAAC,QAAQ,GAAG,MAAM,CAAA;AAE7B,4BAAyB;AACzB,4EAAiD;AACjD,gEAAyD;AACzD,yCAAiF;AAEjF,4BAAgB,CAAC,OAAO,CAAC,EAAE,wBAAwB,EAAE,KAAK,EAAE,CAAC,CAAA;AAE7D,MAAM,MAAM,GAAG,IAAI,oBAAO,CAAC,SAAS,CAAC,CAAC,MAAM,CAAC,MAAM,CAAC,CAAA;AAEpD,MAAM;KACH,IAAI,EAAE;KACN,IAAI,CAAC,GAAG,EAAE,mDAAQ,mBAAmB,GAAC,CAAC;KACvC,IAAI,CAAC,CAAC,EAAE,WAAW,EAAE,GAAG,MAAM,EAAE,EAAE,EAAE;IACnC,MAAM,GAAG,GAAyB,CAAC,GAAG,EAAE,CAAC,MAAM,CAAC,KAAK,EAAE,CAAC,CAAA;IAExD,IAAA,kBAAS,EAAC;QACR,GAAG,MAAM,CAAC,WAAW,CAAC,MAAM,CAAC,KAAK;QAClC,GAAG,IAAA,uBAAc,EAAC,OAAO,CAAC,IAAI,CAAC,KAAK,CAAC,CAAC,CAAC,CAAC;QACxC,GAAG,MAAM;QACT,GAAG;YACD,QAAQ,EAAE,CAAC,QAAQ,EAAE,EAAE,mDAAQ,QAAQ,GAAC;YACxC,KAAK,EAAE,GAAG,CAAC,MAAM,CAAC,WAAW,CAAC,KAAK,CAAC;YACpC,QAAQ,EAAE,WAAW,CAAC,QAAQ;SAC/B;QACD,GAAG,EAAE,MAAM,CAAC,WAAW,CAAC,OAAO;KAChC,CAAC,CAAA;IAEF,IAAA,YAAG,GAAE,CAAA;AACP,CAAC,CAAC,CAAA","sourcesContent":["/*\r\n|--------------------------------------------------------------------------\r\n| Tests\r\n|--------------------------------------------------------------------------\r\n|\r\n| The contents in this file boots the AdonisJS application and configures\r\n| the Japa tests runner.\r\n|\r\n| For the most part you will never edit this file. The configuration\r\n| for the tests can be controlled via \".adonisrc.json\" and\r\n| \"tests/bootstrap.ts\" files.\r\n|\r\n*/\r\n\r\nprocess.env.NODE_ENV = 'test'\r\n\r\nimport 'reflect-metadata'\r\nimport sourceMapSupport from 'source-map-support'\r\nimport { Ignitor } from '@adonisjs/core/build/standalone'\r\nimport { configure, processCliArgs, run, RunnerHooksHandler } from '@japa/runner'\r\n\r\nsourceMapSupport.install({ handleUncaughtExceptions: false })\r\n\r\nconst kernel = new Ignitor(__dirname).kernel('test')\r\n\r\nkernel\r\n  .boot()\r\n  .then(() => import('./tests/bootstrap'))\r\n  .then(({ runnerHooks, ...config }) => {\r\n    const app: RunnerHooksHandler[] = [() => kernel.start()]\r\n\r\n    configure({\r\n      ...kernel.application.rcFile.tests,\r\n      ...processCliArgs(process.argv.slice(2)),\r\n      ...config,\r\n      ...{\r\n        importer: (filePath) => import(filePath),\r\n        setup: app.concat(runnerHooks.setup),\r\n        teardown: runnerHooks.teardown,\r\n      },\r\n      cwd: kernel.application.appRoot,\r\n    })\r\n\r\n    run()\r\n  })\r\n"]},"_coverageSchema":"1a1c01bbd47fc00a2c39e90264f33305004495a9","hash":"52ad09d7644b6c0df02814b2bd2cc2fc51e2a858","contentHash":"d309ea18bcb8fd203f26d3f2b3256c2028d06ccc0aa559ea7912d24101a13df3"},"C:\\Users\\ASUS\\Desktop\\Universidad\\Proyecto\\Guacal-app\\env.ts":{"path":"C:\\Users\\ASUS\\Desktop\\Universidad\\Proyecto\\Guacal-app\\env.ts","statementMap":{"0":{"start":{"line":2,"column":22},"end":{"line":4,"column":1}},"1":{"start":{"line":3,"column":4},"end":{"line":3,"column":62}},"2":{"start":{"line":5,"column":0},"end":{"line":5,"column":62}},"3":{"start":{"line":6,"column":14},"end":{"line":6,"column":79}},"4":{"start":{"line":7,"column":0},"end":{"line":14,"column":3}}},"fnMap":{"0":{"name":"(anonymous_0)","decl":{"start":{"line":2,"column":56},"end":{"line":2,"column":57}},"loc":{"start":{"line":2,"column":71},"end":{"line":4,"column":1}},"line":2}},"branchMap":{"0":{"loc":{"start":{"line":2,"column":22},"end":{"line":4,"column":1}},"type":"binary-expr","locations":[{"start":{"line":2,"column":23},"end":{"line":2,"column":27}},{"start":{"line":2,"column":31},"end":{"line":2,"column":51}},{"start":{"line":2,"column":56},"end":{"line":4,"column":1}}],"line":2},"1":{"loc":{"start":{"line":3,"column":11},"end":{"line":3,"column":61}},"type":"cond-expr","locations":[{"start":{"line":3,"column":37},"end":{"line":3,"column":40}},{"start":{"line":3,"column":43},"end":{"line":3,"column":61}}],"line":3},"2":{"loc":{"start":{"line":3,"column":12},"end":{"line":3,"column":33}},"type":"binary-expr","locations":[{"start":{"line":3,"column":12},"end":{"line":3,"column":15}},{"start":{"line":3,"column":19},"end":{"line":3,"column":33}}],"line":3}},"s":{"0":1,"1":1,"2":1,"3":1,"4":1},"f":{"0":1},"b":{"0":[1,1,1],"1":[0,1],"2":[1,1]},"inputSourceMap":{"version":3,"file":"env.js","sourceRoot":"","sources":["env.ts"],"names":[],"mappings":";;;;;AAcA,gFAAsC;AAEtC,kBAAe,aAAG,CAAC,KAAK,CAAC;IACvB,IAAI,EAAE,aAAG,CAAC,MAAM,CAAC,MAAM,CAAC,EAAE,MAAM,EAAE,MAAM,EAAE,CAAC;IAC3C,IAAI,EAAE,aAAG,CAAC,MAAM,CAAC,MAAM,EAAE;IACzB,OAAO,EAAE,aAAG,CAAC,MAAM,CAAC,MAAM,EAAE;IAC5B,QAAQ,EAAE,aAAG,CAAC,MAAM,CAAC,MAAM,EAAE;IAC7B,UAAU,EAAE,aAAG,CAAC,MAAM,CAAC,IAAI,CAAC,CAAC,OAAO,CAAU,CAAC;IAC/C,QAAQ,EAAE,aAAG,CAAC,MAAM,CAAC,IAAI,CAAC,CAAC,aAAa,EAAE,YAAY,EAAE,MAAM,CAAU,CAAC;CAC1E,CAAC,CAAA","sourcesContent":["/*\r\n|--------------------------------------------------------------------------\r\n| Validating Environment Variables\r\n|--------------------------------------------------------------------------\r\n|\r\n| In this file we define the rules for validating environment variables.\r\n| By performing validation we ensure that your application is running in\r\n| a stable environment with correct configuration values.\r\n|\r\n| This file is read automatically by the framework during the boot lifecycle\r\n| and hence do not rename or move this file to a different location.\r\n|\r\n*/\r\n\r\nimport Env from '@ioc:Adonis/Core/Env'\r\n\r\nexport default Env.rules({\r\n  HOST: Env.schema.string({ format: 'host' }),\r\n  PORT: Env.schema.number(),\r\n  APP_KEY: Env.schema.string(),\r\n  APP_NAME: Env.schema.string(),\r\n  DRIVE_DISK: Env.schema.enum(['local'] as const),\r\n  NODE_ENV: Env.schema.enum(['development', 'production', 'test'] as const),\r\n})\r\n"]},"_coverageSchema":"1a1c01bbd47fc00a2c39e90264f33305004495a9","hash":"8551f3854141e7d024585473ead06d5331f9bef3","contentHash":"5e2861215db46fbbc90934a47a557ed53de33e34130d0440007adb4469cca0a9"},"C:\\Users\\ASUS\\Desktop\\Universidad\\Proyecto\\Guacal-app\\providers\\AppProvider.ts":{"path":"C:\\Users\\ASUS\\Desktop\\Universidad\\Proyecto\\Guacal-app\\providers\\AppProvider.ts","statementMap":{"0":{"start":{"line":2,"column":0},"end":{"line":2,"column":62}},"1":{"start":{"line":5,"column":8},"end":{"line":5,"column":23}},"2":{"start":{"line":16,"column":0},"end":{"line":16,"column":30}}},"fnMap":{"0":{"name":"(anonymous_0)","decl":{"start":{"line":4,"column":4},"end":{"line":4,"column":5}},"loc":{"start":{"line":4,"column":21},"end":{"line":6,"column":5}},"line":4},"1":{"name":"(anonymous_1)","decl":{"start":{"line":7,"column":4},"end":{"line":7,"column":5}},"loc":{"start":{"line":7,"column":15},"end":{"line":8,"column":5}},"line":7},"2":{"name":"(anonymous_2)","decl":{"start":{"line":9,"column":4},"end":{"line":9,"column":5}},"loc":{"start":{"line":9,"column":17},"end":{"line":10,"column":5}},"line":9},"3":{"name":"(anonymous_3)","decl":{"start":{"line":11,"column":4},"end":{"line":11,"column":5}},"loc":{"start":{"line":11,"column":18},"end":{"line":12,"column":5}},"line":11},"4":{"name":"(anonymous_4)","decl":{"start":{"line":13,"column":4},"end":{"line":13,"column":5}},"loc":{"start":{"line":13,"column":21},"end":{"line":14,"column":5}},"line":13}},"branchMap":{},"s":{"0":1,"1":1,"2":1},"f":{"0":1,"1":1,"2":1,"3":1,"4":1},"b":{},"inputSourceMap":{"version":3,"file":"AppProvider.js","sourceRoot":"","sources":["AppProvider.ts"],"names":[],"mappings":";;AAEA,MAAqB,WAAW;IAC9B,YAAsB,GAAwB;QAAxB,QAAG,GAAH,GAAG,CAAqB;IAAG,CAAC;IAE3C,QAAQ;IAEf,CAAC;IAEM,KAAK,CAAC,IAAI;IAEjB,CAAC;IAEM,KAAK,CAAC,KAAK;IAElB,CAAC;IAEM,KAAK,CAAC,QAAQ;IAErB,CAAC;CACF;AAlBD,8BAkBC","sourcesContent":["import { ApplicationContract } from '@ioc:Adonis/Core/Application'\r\n\r\nexport default class AppProvider {\r\n  constructor(protected app: ApplicationContract) {}\r\n\r\n  public register() {\r\n    // Register your own bindings\r\n  }\r\n\r\n  public async boot() {\r\n    // IoC container is ready\r\n  }\r\n\r\n  public async ready() {\r\n    // App is ready\r\n  }\r\n\r\n  public async shutdown() {\r\n    // Cleanup, since app is going down\r\n  }\r\n}\r\n"]},"_coverageSchema":"1a1c01bbd47fc00a2c39e90264f33305004495a9","hash":"16605f265a974e85f259d1af3193776fc9f7f28e","contentHash":"c86be79eaf7ebc1281f8902213d8b02fe72562b05a4e9347b2416ecfcc8aca72"},"C:\\Users\\ASUS\\Desktop\\Universidad\\Proyecto\\Guacal-app\\start\\routes.ts":{"path":"C:\\Users\\ASUS\\Desktop\\Universidad\\Proyecto\\Guacal-app\\start\\routes.ts","statementMap":{"0":{"start":{"line":2,"column":22},"end":{"line":4,"column":1}},"1":{"start":{"line":3,"column":4},"end":{"line":3,"column":62}},"2":{"start":{"line":5,"column":0},"end":{"line":5,"column":62}},"3":{"start":{"line":6,"column":16},"end":{"line":6,"column":83}},"4":{"start":{"line":7,"column":0},"end":{"line":9,"column":3}},"5":{"start":{"line":8,"column":4},"end":{"line":8,"column":30}},"6":{"start":{"line":10,"column":0},"end":{"line":10,"column":31}},"7":{"start":{"line":11,"column":0},"end":{"line":11,"column":29}},"8":{"start":{"line":12,"column":0},"end":{"line":12,"column":26}},"9":{"start":{"line":13,"column":0},"end":{"line":13,"column":29}},"10":{"start":{"line":14,"column":0},"end":{"line":14,"column":29}},"11":{"start":{"line":15,"column":0},"end":{"line":15,"column":26}},"12":{"start":{"line":16,"column":0},"end":{"line":16,"column":26}},"13":{"start":{"line":17,"column":0},"end":{"line":17,"column":29}},"14":{"start":{"line":18,"column":0},"end":{"line":18,"column":33}},"15":{"start":{"line":19,"column":0},"end":{"line":19,"column":27}}},"fnMap":{"0":{"name":"(anonymous_0)","decl":{"start":{"line":2,"column":56},"end":{"line":2,"column":57}},"loc":{"start":{"line":2,"column":71},"end":{"line":4,"column":1}},"line":2},"1":{"name":"(anonymous_1)","decl":{"start":{"line":7,"column":25},"end":{"line":7,"column":26}},"loc":{"start":{"line":7,"column":37},"end":{"line":9,"column":1}},"line":7}},"branchMap":{"0":{"loc":{"start":{"line":2,"column":22},"end":{"line":4,"column":1}},"type":"binary-expr","locations":[{"start":{"line":2,"column":23},"end":{"line":2,"column":27}},{"start":{"line":2,"column":31},"end":{"line":2,"column":51}},{"start":{"line":2,"column":56},"end":{"line":4,"column":1}}],"line":2},"1":{"loc":{"start":{"line":3,"column":11},"end":{"line":3,"column":61}},"type":"cond-expr","locations":[{"start":{"line":3,"column":37},"end":{"line":3,"column":40}},{"start":{"line":3,"column":43},"end":{"line":3,"column":61}}],"line":3},"2":{"loc":{"start":{"line":3,"column":12},"end":{"line":3,"column":33}},"type":"binary-expr","locations":[{"start":{"line":3,"column":12},"end":{"line":3,"column":15}},{"start":{"line":3,"column":19},"end":{"line":3,"column":33}}],"line":3}},"s":{"0":1,"1":1,"2":1,"3":1,"4":1,"5":1,"6":1,"7":1,"8":1,"9":1,"10":1,"11":1,"12":1,"13":1,"14":1,"15":1},"f":{"0":1,"1":1},"b":{"0":[1,1,1],"1":[0,1],"2":[1,1]},"inputSourceMap":{"version":3,"file":"routes.js","sourceRoot":"","sources":["routes.ts"],"names":[],"mappings":";;;;;AAoBA,oFAA0C;AAI1C,eAAK,CAAC,GAAG,CAAC,GAAG,EAAE,KAAK,IAAI,EAAE;IACxB,OAAO,EAAE,KAAK,EAAE,OAAO,EAAE,CAAA;AAC3B,CAAC,CAAC,CAAA;AAEF,+BAA4B;AAC5B,6BAA0B;AAC1B,0BAAuB;AACvB,6BAA0B;AAC1B,6BAA0B;AAC1B,0BAAuB;AACvB,0BAAuB;AACvB,6BAA0B;AAC1B,iCAA8B;AAC9B,2BAAwB","sourcesContent":["/*\r\n|--------------------------------------------------------------------------\r\n| Routes\r\n|--------------------------------------------------------------------------\r\n|\r\n| This file is dedicated for defining HTTP routes. A single file is enough\r\n| for majority of projects, however you can define routes in different\r\n| files and just make sure to import them inside this file. For example\r\n|\r\n| Define routes in following two files\r\n| ├── start/routes/cart.ts\r\n| ├── start/routes/customer.ts\r\n|\r\n| and then import them inside `start/routes.ts` as follows\r\n|\r\n| import './routes/cart'\r\n| import './routes/customer'\r\n|\r\n*/\r\n\r\nimport Route from '@ioc:Adonis/Core/Route'  \r\n\r\n\r\n\r\nRoute.get('/', async () => {\r\n  return { hello: 'world' }\r\n})\r\n\r\nimport './routes/aerolineas'\r\nimport './routes/guacales'\r\nimport './routes/login'\r\nimport './routes/mascotas'\r\nimport './routes/permisos'\r\nimport './routes/roles'\r\nimport './routes/rutas'\r\nimport './routes/usuarios'\r\nimport './routes/veterniarios'\r\nimport './routes/vuelos'\r\n\r\n"]},"_coverageSchema":"1a1c01bbd47fc00a2c39e90264f33305004495a9","hash":"eee8677b853e496adefeb4e3979fd5d3d97248e4","contentHash":"367d3eae7517079884eefaf09ea6a6f783885ff4ba99dcc62199d3a44584e3d9"},"C:\\Users\\ASUS\\Desktop\\Universidad\\Proyecto\\Guacal-app\\start\\routes\\aerolineas.ts":{"path":"C:\\Users\\ASUS\\Desktop\\Universidad\\Proyecto\\Guacal-app\\start\\routes\\aerolineas.ts","statementMap":{"0":{"start":{"line":2,"column":22},"end":{"line":4,"column":1}},"1":{"start":{"line":3,"column":4},"end":{"line":3,"column":62}},"2":{"start":{"line":5,"column":0},"end":{"line":5,"column":62}},"3":{"start":{"line":6,"column":16},"end":{"line":6,"column":83}},"4":{"start":{"line":7,"column":0},"end":{"line":13,"column":3}},"5":{"start":{"line":8,"column":4},"end":{"line":8,"column":69}},"6":{"start":{"line":9,"column":4},"end":{"line":9,"column":72}},"7":{"start":{"line":10,"column":4},"end":{"line":10,"column":70}},"8":{"start":{"line":11,"column":4},"end":{"line":11,"column":74}},"9":{"start":{"line":12,"column":4},"end":{"line":12,"column":78}}},"fnMap":{"0":{"name":"(anonymous_0)","decl":{"start":{"line":2,"column":56},"end":{"line":2,"column":57}},"loc":{"start":{"line":2,"column":71},"end":{"line":4,"column":1}},"line":2},"1":{"name":"(anonymous_1)","decl":{"start":{"line":7,"column":22},"end":{"line":7,"column":23}},"loc":{"start":{"line":7,"column":28},"end":{"line":13,"column":1}},"line":7}},"branchMap":{"0":{"loc":{"start":{"line":2,"column":22},"end":{"line":4,"column":1}},"type":"binary-expr","locations":[{"start":{"line":2,"column":23},"end":{"line":2,"column":27}},{"start":{"line":2,"column":31},"end":{"line":2,"column":51}},{"start":{"line":2,"column":56},"end":{"line":4,"column":1}}],"line":2},"1":{"loc":{"start":{"line":3,"column":11},"end":{"line":3,"column":61}},"type":"cond-expr","locations":[{"start":{"line":3,"column":37},"end":{"line":3,"column":40}},{"start":{"line":3,"column":43},"end":{"line":3,"column":61}}],"line":3},"2":{"loc":{"start":{"line":3,"column":12},"end":{"line":3,"column":33}},"type":"binary-expr","locations":[{"start":{"line":3,"column":12},"end":{"line":3,"column":15}},{"start":{"line":3,"column":19},"end":{"line":3,"column":33}}],"line":3}},"s":{"0":1,"1":1,"2":1,"3":1,"4":1,"5":1,"6":1,"7":1,"8":1,"9":1},"f":{"0":1,"1":1},"b":{"0":[1,1,1],"1":[0,1],"2":[1,1]},"inputSourceMap":{"version":3,"file":"aerolineas.js","sourceRoot":"","sources":["aerolineas.ts"],"names":[],"mappings":";;;;;AAAA,oFAA2C;AAE3C,eAAK,CAAC,KAAK,CAAC,GAAG,EAAE;IACb,eAAK,CAAC,GAAG,CAAC,aAAa,EAAE,4BAA4B,CAAC,CAAC;IACvD,eAAK,CAAC,GAAG,CAAC,iBAAiB,EAAE,2BAA2B,CAAC,CAAC;IAC1D,eAAK,CAAC,IAAI,CAAC,aAAa,EAAE,4BAA4B,CAAC,CAAC;IACxD,eAAK,CAAC,GAAG,CAAC,iBAAiB,EAAE,6BAA6B,CAAC,CAAC;IAC5D,eAAK,CAAC,MAAM,CAAC,iBAAiB,EAAE,8BAA8B,CAAC,CAAC;AACpE,CAAC,CAAC,CAAA","sourcesContent":["import Route from '@ioc:Adonis/Core/Route';\r\n\r\nRoute.group(() => {\r\n    Route.get(\"/aerolineas\", \"AerolineasController.index\");    \r\n    Route.get(\"/aerolineas/:id\", \"AerolineasController.show\");\r\n    Route.post(\"/aerolineas\", \"AerolineasController.store\");\r\n    Route.put(\"/aerolineas/:id\", \"AerolineasController.update\");\r\n    Route.delete(\"/aerolineas/:id\", \"AerolineasController.destroy\");\r\n})\r\n"]},"_coverageSchema":"1a1c01bbd47fc00a2c39e90264f33305004495a9","hash":"4cad96e43ce338bd19b125eb11efabd5609e57df","contentHash":"411c1080019e64bc8ef54a7196a13ef04b4b608874201cf3c5370c68c3b4776c"},"C:\\Users\\ASUS\\Desktop\\Universidad\\Proyecto\\Guacal-app\\start\\routes\\guacales.ts":{"path":"C:\\Users\\ASUS\\Desktop\\Universidad\\Proyecto\\Guacal-app\\start\\routes\\guacales.ts","statementMap":{"0":{"start":{"line":2,"column":22},"end":{"line":4,"column":1}},"1":{"start":{"line":3,"column":4},"end":{"line":3,"column":62}},"2":{"start":{"line":5,"column":0},"end":{"line":5,"column":62}},"3":{"start":{"line":6,"column":16},"end":{"line":6,"column":83}},"4":{"start":{"line":7,"column":0},"end":{"line":13,"column":3}},"5":{"start":{"line":8,"column":4},"end":{"line":8,"column":65}},"6":{"start":{"line":9,"column":4},"end":{"line":9,"column":68}},"7":{"start":{"line":10,"column":4},"end":{"line":10,"column":66}},"8":{"start":{"line":11,"column":4},"end":{"line":11,"column":70}},"9":{"start":{"line":12,"column":4},"end":{"line":12,"column":74}}},"fnMap":{"0":{"name":"(anonymous_0)","decl":{"start":{"line":2,"column":56},"end":{"line":2,"column":57}},"loc":{"start":{"line":2,"column":71},"end":{"line":4,"column":1}},"line":2},"1":{"name":"(anonymous_1)","decl":{"start":{"line":7,"column":22},"end":{"line":7,"column":23}},"loc":{"start":{"line":7,"column":28},"end":{"line":13,"column":1}},"line":7}},"branchMap":{"0":{"loc":{"start":{"line":2,"column":22},"end":{"line":4,"column":1}},"type":"binary-expr","locations":[{"start":{"line":2,"column":23},"end":{"line":2,"column":27}},{"start":{"line":2,"column":31},"end":{"line":2,"column":51}},{"start":{"line":2,"column":56},"end":{"line":4,"column":1}}],"line":2},"1":{"loc":{"start":{"line":3,"column":11},"end":{"line":3,"column":61}},"type":"cond-expr","locations":[{"start":{"line":3,"column":37},"end":{"line":3,"column":40}},{"start":{"line":3,"column":43},"end":{"line":3,"column":61}}],"line":3},"2":{"loc":{"start":{"line":3,"column":12},"end":{"line":3,"column":33}},"type":"binary-expr","locations":[{"start":{"line":3,"column":12},"end":{"line":3,"column":15}},{"start":{"line":3,"column":19},"end":{"line":3,"column":33}}],"line":3}},"s":{"0":1,"1":1,"2":1,"3":1,"4":1,"5":1,"6":1,"7":1,"8":1,"9":1},"f":{"0":1,"1":1},"b":{"0":[1,1,1],"1":[0,1],"2":[1,1]},"inputSourceMap":{"version":3,"file":"guacales.js","sourceRoot":"","sources":["guacales.ts"],"names":[],"mappings":";;;;;AAAA,oFAA2C;AAE3C,eAAK,CAAC,KAAK,CAAC,GAAG,EAAE;IACb,eAAK,CAAC,GAAG,CAAC,WAAW,EAAE,0BAA0B,CAAC,CAAC;IACnD,eAAK,CAAC,GAAG,CAAC,eAAe,EAAE,yBAAyB,CAAC,CAAC;IACtD,eAAK,CAAC,IAAI,CAAC,WAAW,EAAE,0BAA0B,CAAC,CAAC;IACpD,eAAK,CAAC,GAAG,CAAC,eAAe,EAAE,2BAA2B,CAAC,CAAC;IACxD,eAAK,CAAC,MAAM,CAAC,eAAe,EAAE,4BAA4B,CAAC,CAAC;AAChE,CAAC,CAAC,CAAA","sourcesContent":["import Route from '@ioc:Adonis/Core/Route';\r\n\r\nRoute.group(() => {\r\n    Route.get(\"/guacales\", \"GuacalesController.index\");\r\n    Route.get(\"/guacales/:id\", \"GuacalesController.show\");\r\n    Route.post(\"/guacales\", \"GuacalesController.store\");\r\n    Route.put(\"/guacales/:id\", \"GuacalesController.update\");\r\n    Route.delete(\"/guacales/:id\", \"GuacalesController.destroy\");\r\n})\r\n"]},"_coverageSchema":"1a1c01bbd47fc00a2c39e90264f33305004495a9","hash":"a08fd3011d1d6b060bbda94c63e6978b0b1f1dce","contentHash":"2906a83ad2d654533b4cbe193b694e3a7f3aa8d1ce383f6ce437be75832fc634"},"C:\\Users\\ASUS\\Desktop\\Universidad\\Proyecto\\Guacal-app\\start\\routes\\login.ts":{"path":"C:\\Users\\ASUS\\Desktop\\Universidad\\Proyecto\\Guacal-app\\start\\routes\\login.ts","statementMap":{"0":{"start":{"line":2,"column":22},"end":{"line":4,"column":1}},"1":{"start":{"line":3,"column":4},"end":{"line":3,"column":62}},"2":{"start":{"line":5,"column":0},"end":{"line":5,"column":62}},"3":{"start":{"line":6,"column":16},"end":{"line":6,"column":83}},"4":{"start":{"line":7,"column":0},"end":{"line":12,"column":3}},"5":{"start":{"line":8,"column":4},"end":{"line":8,"column":64}},"6":{"start":{"line":9,"column":4},"end":{"line":9,"column":74}},"7":{"start":{"line":10,"column":4},"end":{"line":10,"column":72}},"8":{"start":{"line":11,"column":4},"end":{"line":11,"column":66}}},"fnMap":{"0":{"name":"(anonymous_0)","decl":{"start":{"line":2,"column":56},"end":{"line":2,"column":57}},"loc":{"start":{"line":2,"column":71},"end":{"line":4,"column":1}},"line":2},"1":{"name":"(anonymous_1)","decl":{"start":{"line":7,"column":22},"end":{"line":7,"column":23}},"loc":{"start":{"line":7,"column":28},"end":{"line":12,"column":1}},"line":7}},"branchMap":{"0":{"loc":{"start":{"line":2,"column":22},"end":{"line":4,"column":1}},"type":"binary-expr","locations":[{"start":{"line":2,"column":23},"end":{"line":2,"column":27}},{"start":{"line":2,"column":31},"end":{"line":2,"column":51}},{"start":{"line":2,"column":56},"end":{"line":4,"column":1}}],"line":2},"1":{"loc":{"start":{"line":3,"column":11},"end":{"line":3,"column":61}},"type":"cond-expr","locations":[{"start":{"line":3,"column":37},"end":{"line":3,"column":40}},{"start":{"line":3,"column":43},"end":{"line":3,"column":61}}],"line":3},"2":{"loc":{"start":{"line":3,"column":12},"end":{"line":3,"column":33}},"type":"binary-expr","locations":[{"start":{"line":3,"column":12},"end":{"line":3,"column":15}},{"start":{"line":3,"column":19},"end":{"line":3,"column":33}}],"line":3}},"s":{"0":1,"1":1,"2":1,"3":1,"4":1,"5":1,"6":1,"7":1,"8":1},"f":{"0":1,"1":1},"b":{"0":[1,1,1],"1":[0,1],"2":[1,1]},"inputSourceMap":{"version":3,"file":"login.js","sourceRoot":"","sources":["login.ts"],"names":[],"mappings":";;;;;AAAA,oFAA2C;AAE3C,eAAK,CAAC,KAAK,CAAC,GAAG,EAAE;IACb,eAAK,CAAC,IAAI,CAAC,QAAQ,EAAE,2BAA2B,CAAC,CAAC;IAClD,eAAK,CAAC,IAAI,CAAC,SAAS,EAAE,oCAAoC,CAAC,CAAC;IAC5D,eAAK,CAAC,IAAI,CAAC,QAAQ,EAAE,mCAAmC,CAAC,CAAC;IAC1D,eAAK,CAAC,IAAI,CAAC,SAAS,EAAE,4BAA4B,CAAC,CAAC;AACxD,CAAC,CAAC,CAAA","sourcesContent":["import Route from '@ioc:Adonis/Core/Route';\r\n\r\nRoute.group(() => {\r\n    Route.post(\"/login\", \"SeguridadController.login\");\r\n    Route.post(\"/forgot\", \"SeguridadController.forgotPassword\");\r\n    Route.post(\"/reset\", \"SeguridadController.resetPassword\");\r\n    Route.post(\"/logout\", \"SeguridadController.logout\");\r\n})\r\n"]},"_coverageSchema":"1a1c01bbd47fc00a2c39e90264f33305004495a9","hash":"8e5f1413c19f5dd9276234ba4f8e91102781884f","contentHash":"45859c8cd8cfc94f7670684a9dc16daf30b2f2dc85abe47a326ff9de5af3d469"},"C:\\Users\\ASUS\\Desktop\\Universidad\\Proyecto\\Guacal-app\\start\\routes\\mascotas.ts":{"path":"C:\\Users\\ASUS\\Desktop\\Universidad\\Proyecto\\Guacal-app\\start\\routes\\mascotas.ts","statementMap":{"0":{"start":{"line":2,"column":22},"end":{"line":4,"column":1}},"1":{"start":{"line":3,"column":4},"end":{"line":3,"column":62}},"2":{"start":{"line":5,"column":0},"end":{"line":5,"column":62}},"3":{"start":{"line":6,"column":16},"end":{"line":6,"column":83}},"4":{"start":{"line":7,"column":0},"end":{"line":13,"column":3}},"5":{"start":{"line":8,"column":4},"end":{"line":8,"column":65}},"6":{"start":{"line":9,"column":4},"end":{"line":9,"column":68}},"7":{"start":{"line":10,"column":4},"end":{"line":10,"column":66}},"8":{"start":{"line":11,"column":4},"end":{"line":11,"column":70}},"9":{"start":{"line":12,"column":4},"end":{"line":12,"column":74}}},"fnMap":{"0":{"name":"(anonymous_0)","decl":{"start":{"line":2,"column":56},"end":{"line":2,"column":57}},"loc":{"start":{"line":2,"column":71},"end":{"line":4,"column":1}},"line":2},"1":{"name":"(anonymous_1)","decl":{"start":{"line":7,"column":22},"end":{"line":7,"column":23}},"loc":{"start":{"line":7,"column":28},"end":{"line":13,"column":1}},"line":7}},"branchMap":{"0":{"loc":{"start":{"line":2,"column":22},"end":{"line":4,"column":1}},"type":"binary-expr","locations":[{"start":{"line":2,"column":23},"end":{"line":2,"column":27}},{"start":{"line":2,"column":31},"end":{"line":2,"column":51}},{"start":{"line":2,"column":56},"end":{"line":4,"column":1}}],"line":2},"1":{"loc":{"start":{"line":3,"column":11},"end":{"line":3,"column":61}},"type":"cond-expr","locations":[{"start":{"line":3,"column":37},"end":{"line":3,"column":40}},{"start":{"line":3,"column":43},"end":{"line":3,"column":61}}],"line":3},"2":{"loc":{"start":{"line":3,"column":12},"end":{"line":3,"column":33}},"type":"binary-expr","locations":[{"start":{"line":3,"column":12},"end":{"line":3,"column":15}},{"start":{"line":3,"column":19},"end":{"line":3,"column":33}}],"line":3}},"s":{"0":1,"1":1,"2":1,"3":1,"4":1,"5":1,"6":1,"7":1,"8":1,"9":1},"f":{"0":1,"1":1},"b":{"0":[1,1,1],"1":[0,1],"2":[1,1]},"inputSourceMap":{"version":3,"file":"mascotas.js","sourceRoot":"","sources":["mascotas.ts"],"names":[],"mappings":";;;;;AAAA,oFAA2C;AAE3C,eAAK,CAAC,KAAK,CAAC,GAAG,EAAE;IACb,eAAK,CAAC,GAAG,CAAC,WAAW,EAAE,0BAA0B,CAAC,CAAC;IACnD,eAAK,CAAC,GAAG,CAAC,eAAe,EAAE,yBAAyB,CAAC,CAAC;IACtD,eAAK,CAAC,IAAI,CAAC,WAAW,EAAE,0BAA0B,CAAC,CAAC;IACpD,eAAK,CAAC,GAAG,CAAC,eAAe,EAAE,2BAA2B,CAAC,CAAC;IACxD,eAAK,CAAC,MAAM,CAAC,eAAe,EAAE,4BAA4B,CAAC,CAAC;AAChE,CAAC,CAAC,CAAA","sourcesContent":["import Route from '@ioc:Adonis/Core/Route';\r\n\r\nRoute.group(() => {\r\n    Route.get(\"/mascotas\", \"MascotasController.index\");\r\n    Route.get(\"/mascotas/:id\", \"MascotasController.show\");\r\n    Route.post(\"/mascotas\", \"MascotasController.store\");\r\n    Route.put(\"/mascotas/:id\", \"MascotasController.update\");\r\n    Route.delete(\"/mascotas/:id\", \"MascotasController.destroy\");\r\n})\r\n"]},"_coverageSchema":"1a1c01bbd47fc00a2c39e90264f33305004495a9","hash":"61ae58c101b6f826adf4c8c1afe5d7016565a5dd","contentHash":"ba1fb55a2570a21ab705a866dc05157b76f3a312270d785578d2faa5b744faa7"},"C:\\Users\\ASUS\\Desktop\\Universidad\\Proyecto\\Guacal-app\\start\\routes\\permisos.ts":{"path":"C:\\Users\\ASUS\\Desktop\\Universidad\\Proyecto\\Guacal-app\\start\\routes\\permisos.ts","statementMap":{"0":{"start":{"line":2,"column":22},"end":{"line":4,"column":1}},"1":{"start":{"line":3,"column":4},"end":{"line":3,"column":62}},"2":{"start":{"line":5,"column":0},"end":{"line":5,"column":62}},"3":{"start":{"line":6,"column":16},"end":{"line":6,"column":83}},"4":{"start":{"line":7,"column":0},"end":{"line":13,"column":3}},"5":{"start":{"line":8,"column":4},"end":{"line":8,"column":65}},"6":{"start":{"line":9,"column":4},"end":{"line":9,"column":68}},"7":{"start":{"line":10,"column":4},"end":{"line":10,"column":66}},"8":{"start":{"line":11,"column":4},"end":{"line":11,"column":70}},"9":{"start":{"line":12,"column":4},"end":{"line":12,"column":74}}},"fnMap":{"0":{"name":"(anonymous_0)","decl":{"start":{"line":2,"column":56},"end":{"line":2,"column":57}},"loc":{"start":{"line":2,"column":71},"end":{"line":4,"column":1}},"line":2},"1":{"name":"(anonymous_1)","decl":{"start":{"line":7,"column":22},"end":{"line":7,"column":23}},"loc":{"start":{"line":7,"column":28},"end":{"line":13,"column":1}},"line":7}},"branchMap":{"0":{"loc":{"start":{"line":2,"column":22},"end":{"line":4,"column":1}},"type":"binary-expr","locations":[{"start":{"line":2,"column":23},"end":{"line":2,"column":27}},{"start":{"line":2,"column":31},"end":{"line":2,"column":51}},{"start":{"line":2,"column":56},"end":{"line":4,"column":1}}],"line":2},"1":{"loc":{"start":{"line":3,"column":11},"end":{"line":3,"column":61}},"type":"cond-expr","locations":[{"start":{"line":3,"column":37},"end":{"line":3,"column":40}},{"start":{"line":3,"column":43},"end":{"line":3,"column":61}}],"line":3},"2":{"loc":{"start":{"line":3,"column":12},"end":{"line":3,"column":33}},"type":"binary-expr","locations":[{"start":{"line":3,"column":12},"end":{"line":3,"column":15}},{"start":{"line":3,"column":19},"end":{"line":3,"column":33}}],"line":3}},"s":{"0":1,"1":1,"2":1,"3":1,"4":1,"5":1,"6":1,"7":1,"8":1,"9":1},"f":{"0":1,"1":1},"b":{"0":[1,1,1],"1":[0,1],"2":[1,1]},"inputSourceMap":{"version":3,"file":"permisos.js","sourceRoot":"","sources":["permisos.ts"],"names":[],"mappings":";;;;;AAAA,oFAA2C;AAE3C,eAAK,CAAC,KAAK,CAAC,GAAG,EAAE;IACb,eAAK,CAAC,GAAG,CAAC,WAAW,EAAE,0BAA0B,CAAC,CAAC;IACnD,eAAK,CAAC,GAAG,CAAC,eAAe,EAAE,yBAAyB,CAAC,CAAC;IACtD,eAAK,CAAC,IAAI,CAAC,WAAW,EAAE,0BAA0B,CAAC,CAAC;IACpD,eAAK,CAAC,GAAG,CAAC,eAAe,EAAE,2BAA2B,CAAC,CAAC;IACxD,eAAK,CAAC,MAAM,CAAC,eAAe,EAAE,4BAA4B,CAAC,CAAC;AAChE,CAAC,CAAC,CAAA","sourcesContent":["import Route from '@ioc:Adonis/Core/Route';\r\n\r\nRoute.group(() => {    \r\n    Route.get(\"/permisos\", \"PermisosController.index\");\r\n    Route.get(\"/permisos/:id\", \"PermisosController.show\");\r\n    Route.post(\"/permisos\", \"PermisosController.store\");\r\n    Route.put(\"/permisos/:id\", \"PermisosController.update\");\r\n    Route.delete(\"/permisos/:id\", \"PermisosController.destroy\");\r\n})\r\n"]},"_coverageSchema":"1a1c01bbd47fc00a2c39e90264f33305004495a9","hash":"ed653fe70a4b49b616078851cfbec556202ebfdd","contentHash":"2a5331db030b019a030e872fcda63b4411aab418fa758a373e7bcb4914ded53f"},"C:\\Users\\ASUS\\Desktop\\Universidad\\Proyecto\\Guacal-app\\start\\routes\\roles.ts":{"path":"C:\\Users\\ASUS\\Desktop\\Universidad\\Proyecto\\Guacal-app\\start\\routes\\roles.ts","statementMap":{"0":{"start":{"line":2,"column":22},"end":{"line":4,"column":1}},"1":{"start":{"line":3,"column":4},"end":{"line":3,"column":62}},"2":{"start":{"line":5,"column":0},"end":{"line":5,"column":62}},"3":{"start":{"line":6,"column":16},"end":{"line":6,"column":83}},"4":{"start":{"line":7,"column":0},"end":{"line":13,"column":3}},"5":{"start":{"line":8,"column":4},"end":{"line":8,"column":60}},"6":{"start":{"line":9,"column":4},"end":{"line":9,"column":59}},"7":{"start":{"line":10,"column":4},"end":{"line":10,"column":62}},"8":{"start":{"line":11,"column":4},"end":{"line":11,"column":64}},"9":{"start":{"line":12,"column":4},"end":{"line":12,"column":68}}},"fnMap":{"0":{"name":"(anonymous_0)","decl":{"start":{"line":2,"column":56},"end":{"line":2,"column":57}},"loc":{"start":{"line":2,"column":71},"end":{"line":4,"column":1}},"line":2},"1":{"name":"(anonymous_1)","decl":{"start":{"line":7,"column":22},"end":{"line":7,"column":23}},"loc":{"start":{"line":7,"column":28},"end":{"line":13,"column":1}},"line":7}},"branchMap":{"0":{"loc":{"start":{"line":2,"column":22},"end":{"line":4,"column":1}},"type":"binary-expr","locations":[{"start":{"line":2,"column":23},"end":{"line":2,"column":27}},{"start":{"line":2,"column":31},"end":{"line":2,"column":51}},{"start":{"line":2,"column":56},"end":{"line":4,"column":1}}],"line":2},"1":{"loc":{"start":{"line":3,"column":11},"end":{"line":3,"column":61}},"type":"cond-expr","locations":[{"start":{"line":3,"column":37},"end":{"line":3,"column":40}},{"start":{"line":3,"column":43},"end":{"line":3,"column":61}}],"line":3},"2":{"loc":{"start":{"line":3,"column":12},"end":{"line":3,"column":33}},"type":"binary-expr","locations":[{"start":{"line":3,"column":12},"end":{"line":3,"column":15}},{"start":{"line":3,"column":19},"end":{"line":3,"column":33}}],"line":3}},"s":{"0":1,"1":1,"2":1,"3":1,"4":1,"5":1,"6":1,"7":1,"8":1,"9":1},"f":{"0":1,"1":1},"b":{"0":[1,1,1],"1":[0,1],"2":[1,1]},"inputSourceMap":{"version":3,"file":"roles.js","sourceRoot":"","sources":["roles.ts"],"names":[],"mappings":";;;;;AAAA,oFAA2C;AAE3C,eAAK,CAAC,KAAK,CAAC,GAAG,EAAE;IACb,eAAK,CAAC,IAAI,CAAC,QAAQ,EAAE,uBAAuB,CAAC,CAAC;IAC9C,eAAK,CAAC,GAAG,CAAC,QAAQ,EAAE,uBAAuB,CAAC,CAAC;IAC7C,eAAK,CAAC,GAAG,CAAC,YAAY,EAAE,sBAAsB,CAAC,CAAC;IAChD,eAAK,CAAC,GAAG,CAAC,YAAY,EAAE,wBAAwB,CAAC,CAAC;IAClD,eAAK,CAAC,MAAM,CAAC,YAAY,EAAE,yBAAyB,CAAC,CAAC;AAC1D,CAAC,CAAC,CAAA","sourcesContent":["import Route from '@ioc:Adonis/Core/Route';\r\n\r\nRoute.group(() => {\r\n    Route.post(\"/roles\", \"RolesController.store\");\r\n    Route.get(\"/roles\", \"RolesController.index\");\r\n    Route.get(\"/roles/:id\", \"RolesController.show\");    \r\n    Route.put(\"/roles/:id\", \"RolesController.update\");\r\n    Route.delete(\"/roles/:id\", \"RolesController.destroy\");\r\n})\r\n"]},"_coverageSchema":"1a1c01bbd47fc00a2c39e90264f33305004495a9","hash":"6f48a29c9794381cce2e5c1c106d65a939898658","contentHash":"e817548bbfa051d2b47821e6311b1afd43783f6ad159033ea69d8c28914a4e4e"},"C:\\Users\\ASUS\\Desktop\\Universidad\\Proyecto\\Guacal-app\\start\\routes\\rutas.ts":{"path":"C:\\Users\\ASUS\\Desktop\\Universidad\\Proyecto\\Guacal-app\\start\\routes\\rutas.ts","statementMap":{"0":{"start":{"line":2,"column":22},"end":{"line":4,"column":1}},"1":{"start":{"line":3,"column":4},"end":{"line":3,"column":62}},"2":{"start":{"line":5,"column":0},"end":{"line":5,"column":62}},"3":{"start":{"line":6,"column":16},"end":{"line":6,"column":83}},"4":{"start":{"line":7,"column":0},"end":{"line":13,"column":3}},"5":{"start":{"line":8,"column":4},"end":{"line":8,"column":59}},"6":{"start":{"line":9,"column":4},"end":{"line":9,"column":62}},"7":{"start":{"line":10,"column":4},"end":{"line":10,"column":60}},"8":{"start":{"line":11,"column":4},"end":{"line":11,"column":64}},"9":{"start":{"line":12,"column":4},"end":{"line":12,"column":68}}},"fnMap":{"0":{"name":"(anonymous_0)","decl":{"start":{"line":2,"column":56},"end":{"line":2,"column":57}},"loc":{"start":{"line":2,"column":71},"end":{"line":4,"column":1}},"line":2},"1":{"name":"(anonymous_1)","decl":{"start":{"line":7,"column":22},"end":{"line":7,"column":23}},"loc":{"start":{"line":7,"column":28},"end":{"line":13,"column":1}},"line":7}},"branchMap":{"0":{"loc":{"start":{"line":2,"column":22},"end":{"line":4,"column":1}},"type":"binary-expr","locations":[{"start":{"line":2,"column":23},"end":{"line":2,"column":27}},{"start":{"line":2,"column":31},"end":{"line":2,"column":51}},{"start":{"line":2,"column":56},"end":{"line":4,"column":1}}],"line":2},"1":{"loc":{"start":{"line":3,"column":11},"end":{"line":3,"column":61}},"type":"cond-expr","locations":[{"start":{"line":3,"column":37},"end":{"line":3,"column":40}},{"start":{"line":3,"column":43},"end":{"line":3,"column":61}}],"line":3},"2":{"loc":{"start":{"line":3,"column":12},"end":{"line":3,"column":33}},"type":"binary-expr","locations":[{"start":{"line":3,"column":12},"end":{"line":3,"column":15}},{"start":{"line":3,"column":19},"end":{"line":3,"column":33}}],"line":3}},"s":{"0":1,"1":1,"2":1,"3":1,"4":1,"5":1,"6":1,"7":1,"8":1,"9":1},"f":{"0":1,"1":1},"b":{"0":[1,1,1],"1":[0,1],"2":[1,1]},"inputSourceMap":{"version":3,"file":"rutas.js","sourceRoot":"","sources":["rutas.ts"],"names":[],"mappings":";;;;;AAAA,oFAA2C;AAE3C,eAAK,CAAC,KAAK,CAAC,GAAG,EAAE;IACb,eAAK,CAAC,GAAG,CAAC,QAAQ,EAAE,uBAAuB,CAAC,CAAC;IAC7C,eAAK,CAAC,GAAG,CAAC,YAAY,EAAE,sBAAsB,CAAC,CAAC;IAChD,eAAK,CAAC,IAAI,CAAC,QAAQ,EAAE,uBAAuB,CAAC,CAAC;IAC9C,eAAK,CAAC,GAAG,CAAC,YAAY,EAAE,wBAAwB,CAAC,CAAC;IAClD,eAAK,CAAC,MAAM,CAAC,YAAY,EAAE,yBAAyB,CAAC,CAAC;AAC1D,CAAC,CAAC,CAAA","sourcesContent":["import Route from '@ioc:Adonis/Core/Route';\r\n\r\nRoute.group(() => {\r\n    Route.get(\"/rutas\", \"RutasController.index\");\r\n    Route.get(\"/rutas/:id\", \"RutasController.show\");\r\n    Route.post(\"/rutas\", \"RutasController.store\");\r\n    Route.put(\"/rutas/:id\", \"RutasController.update\");\r\n    Route.delete(\"/rutas/:id\", \"RutasController.destroy\");\r\n})\r\n"]},"_coverageSchema":"1a1c01bbd47fc00a2c39e90264f33305004495a9","hash":"0cc934047b072dd7fcd9e0b51ce975ffd8666dd3","contentHash":"cfc12a14e3bd158aa2c9cd011ca7c860531044ae5d57155e738088fc02aa126f"},"C:\\Users\\ASUS\\Desktop\\Universidad\\Proyecto\\Guacal-app\\start\\routes\\usuarios.ts":{"path":"C:\\Users\\ASUS\\Desktop\\Universidad\\Proyecto\\Guacal-app\\start\\routes\\usuarios.ts","statementMap":{"0":{"start":{"line":2,"column":22},"end":{"line":4,"column":1}},"1":{"start":{"line":3,"column":4},"end":{"line":3,"column":62}},"2":{"start":{"line":5,"column":0},"end":{"line":5,"column":62}},"3":{"start":{"line":6,"column":16},"end":{"line":6,"column":83}},"4":{"start":{"line":7,"column":0},"end":{"line":12,"column":3}},"5":{"start":{"line":8,"column":4},"end":{"line":8,"column":65}},"6":{"start":{"line":9,"column":4},"end":{"line":9,"column":68}},"7":{"start":{"line":10,"column":4},"end":{"line":10,"column":70}},"8":{"start":{"line":11,"column":4},"end":{"line":11,"column":74}},"9":{"start":{"line":13,"column":0},"end":{"line":13,"column":62}}},"fnMap":{"0":{"name":"(anonymous_0)","decl":{"start":{"line":2,"column":56},"end":{"line":2,"column":57}},"loc":{"start":{"line":2,"column":71},"end":{"line":4,"column":1}},"line":2},"1":{"name":"(anonymous_1)","decl":{"start":{"line":7,"column":22},"end":{"line":7,"column":23}},"loc":{"start":{"line":7,"column":28},"end":{"line":12,"column":1}},"line":7}},"branchMap":{"0":{"loc":{"start":{"line":2,"column":22},"end":{"line":4,"column":1}},"type":"binary-expr","locations":[{"start":{"line":2,"column":23},"end":{"line":2,"column":27}},{"start":{"line":2,"column":31},"end":{"line":2,"column":51}},{"start":{"line":2,"column":56},"end":{"line":4,"column":1}}],"line":2},"1":{"loc":{"start":{"line":3,"column":11},"end":{"line":3,"column":61}},"type":"cond-expr","locations":[{"start":{"line":3,"column":37},"end":{"line":3,"column":40}},{"start":{"line":3,"column":43},"end":{"line":3,"column":61}}],"line":3},"2":{"loc":{"start":{"line":3,"column":12},"end":{"line":3,"column":33}},"type":"binary-expr","locations":[{"start":{"line":3,"column":12},"end":{"line":3,"column":15}},{"start":{"line":3,"column":19},"end":{"line":3,"column":33}}],"line":3}},"s":{"0":1,"1":1,"2":1,"3":1,"4":1,"5":1,"6":1,"7":1,"8":1,"9":1},"f":{"0":1,"1":1},"b":{"0":[1,1,1],"1":[0,1],"2":[1,1]},"inputSourceMap":{"version":3,"file":"usuarios.js","sourceRoot":"","sources":["usuarios.ts"],"names":[],"mappings":";;;;;AAAA,oFAA2C;AAE3C,eAAK,CAAC,KAAK,CAAC,GAAG,EAAE;IACb,eAAK,CAAC,GAAG,CAAC,WAAW,EAAE,0BAA0B,CAAC,CAAC;IACnD,eAAK,CAAC,GAAG,CAAC,eAAe,EAAE,yBAAyB,CAAC,CAAC;IACtD,eAAK,CAAC,GAAG,CAAC,eAAe,EAAE,2BAA2B,CAAC,CAAC;IACxD,eAAK,CAAC,MAAM,CAAC,eAAe,EAAE,4BAA4B,CAAC,CAAC;AAEhE,CAAC,CAAC,CAAA;AACF,eAAK,CAAC,IAAI,CAAC,WAAW,EAAE,0BAA0B,CAAC,CAAC","sourcesContent":["import Route from '@ioc:Adonis/Core/Route';\r\n\r\nRoute.group(() => {\r\n    Route.get(\"/usuarios\", \"UsuariosController.index\");\r\n    Route.get(\"/usuarios/:id\", \"UsuariosController.show\");\r\n    Route.put(\"/usuarios/:id\", \"UsuariosController.update\");\r\n    Route.delete(\"/usuarios/:id\", \"UsuariosController.destroy\");\r\n    \r\n})/* .middleware(['auth:api']) */\r\nRoute.post(\"/usuarios\", \"UsuariosController.store\");\r\n"]},"_coverageSchema":"1a1c01bbd47fc00a2c39e90264f33305004495a9","hash":"eaebd5ff44c271a4b4b31d2acd3783c5bb60463c","contentHash":"db1965bd5a5b282e863e37655de7af0d0fe1e1de680505f0e1fbe21750a4f07f"},"C:\\Users\\ASUS\\Desktop\\Universidad\\Proyecto\\Guacal-app\\start\\routes\\veterniarios.ts":{"path":"C:\\Users\\ASUS\\Desktop\\Universidad\\Proyecto\\Guacal-app\\start\\routes\\veterniarios.ts","statementMap":{"0":{"start":{"line":2,"column":22},"end":{"line":4,"column":1}},"1":{"start":{"line":3,"column":4},"end":{"line":3,"column":62}},"2":{"start":{"line":5,"column":0},"end":{"line":5,"column":62}},"3":{"start":{"line":6,"column":16},"end":{"line":6,"column":83}},"4":{"start":{"line":7,"column":0},"end":{"line":13,"column":3}},"5":{"start":{"line":8,"column":4},"end":{"line":8,"column":73}},"6":{"start":{"line":9,"column":4},"end":{"line":9,"column":76}},"7":{"start":{"line":10,"column":4},"end":{"line":10,"column":74}},"8":{"start":{"line":11,"column":4},"end":{"line":11,"column":78}},"9":{"start":{"line":12,"column":4},"end":{"line":12,"column":82}}},"fnMap":{"0":{"name":"(anonymous_0)","decl":{"start":{"line":2,"column":56},"end":{"line":2,"column":57}},"loc":{"start":{"line":2,"column":71},"end":{"line":4,"column":1}},"line":2},"1":{"name":"(anonymous_1)","decl":{"start":{"line":7,"column":22},"end":{"line":7,"column":23}},"loc":{"start":{"line":7,"column":28},"end":{"line":13,"column":1}},"line":7}},"branchMap":{"0":{"loc":{"start":{"line":2,"column":22},"end":{"line":4,"column":1}},"type":"binary-expr","locations":[{"start":{"line":2,"column":23},"end":{"line":2,"column":27}},{"start":{"line":2,"column":31},"end":{"line":2,"column":51}},{"start":{"line":2,"column":56},"end":{"line":4,"column":1}}],"line":2},"1":{"loc":{"start":{"line":3,"column":11},"end":{"line":3,"column":61}},"type":"cond-expr","locations":[{"start":{"line":3,"column":37},"end":{"line":3,"column":40}},{"start":{"line":3,"column":43},"end":{"line":3,"column":61}}],"line":3},"2":{"loc":{"start":{"line":3,"column":12},"end":{"line":3,"column":33}},"type":"binary-expr","locations":[{"start":{"line":3,"column":12},"end":{"line":3,"column":15}},{"start":{"line":3,"column":19},"end":{"line":3,"column":33}}],"line":3}},"s":{"0":1,"1":1,"2":1,"3":1,"4":1,"5":1,"6":1,"7":1,"8":1,"9":1},"f":{"0":1,"1":1},"b":{"0":[1,1,1],"1":[0,1],"2":[1,1]},"inputSourceMap":{"version":3,"file":"veterniarios.js","sourceRoot":"","sources":["veterniarios.ts"],"names":[],"mappings":";;;;;AAAA,oFAA2C;AAE3C,eAAK,CAAC,KAAK,CAAC,GAAG,EAAE;IACb,eAAK,CAAC,GAAG,CAAC,eAAe,EAAE,8BAA8B,CAAC,CAAC;IAC3D,eAAK,CAAC,GAAG,CAAC,mBAAmB,EAAE,6BAA6B,CAAC,CAAC;IAC9D,eAAK,CAAC,IAAI,CAAC,eAAe,EAAE,8BAA8B,CAAC,CAAC;IAC5D,eAAK,CAAC,GAAG,CAAC,mBAAmB,EAAE,+BAA+B,CAAC,CAAC;IAChE,eAAK,CAAC,MAAM,CAAC,mBAAmB,EAAE,gCAAgC,CAAC,CAAC;AACxE,CAAC,CAAC,CAAA","sourcesContent":["import Route from '@ioc:Adonis/Core/Route';\r\n\r\nRoute.group(() => {\r\n    Route.get(\"/veterinarios\", \"VeterinariosController.index\");\r\n    Route.get(\"/veterinarios/:id\", \"VeterinariosController.show\");\r\n    Route.post(\"/veterinarios\", \"VeterinariosController.store\");\r\n    Route.put(\"/veterinarios/:id\", \"VeterinariosController.update\");\r\n    Route.delete(\"/veterinarios/:id\", \"VeterinariosController.destroy\");\r\n})\r\n"]},"_coverageSchema":"1a1c01bbd47fc00a2c39e90264f33305004495a9","hash":"bc1367429640b09a1b9eb5d167bad53fcebeb77e","contentHash":"af501a51a4cb4807b50f8a531e9b6b8b60f85ec3e416a417ca8d3e0000397399"},"C:\\Users\\ASUS\\Desktop\\Universidad\\Proyecto\\Guacal-app\\start\\routes\\vuelos.ts":{"path":"C:\\Users\\ASUS\\Desktop\\Universidad\\Proyecto\\Guacal-app\\start\\routes\\vuelos.ts","statementMap":{"0":{"start":{"line":2,"column":22},"end":{"line":4,"column":1}},"1":{"start":{"line":3,"column":4},"end":{"line":3,"column":62}},"2":{"start":{"line":5,"column":0},"end":{"line":5,"column":62}},"3":{"start":{"line":6,"column":16},"end":{"line":6,"column":83}},"4":{"start":{"line":7,"column":0},"end":{"line":13,"column":3}},"5":{"start":{"line":8,"column":4},"end":{"line":8,"column":61}},"6":{"start":{"line":9,"column":4},"end":{"line":9,"column":64}},"7":{"start":{"line":10,"column":4},"end":{"line":10,"column":66}},"8":{"start":{"line":11,"column":4},"end":{"line":11,"column":66}},"9":{"start":{"line":12,"column":4},"end":{"line":12,"column":70}}},"fnMap":{"0":{"name":"(anonymous_0)","decl":{"start":{"line":2,"column":56},"end":{"line":2,"column":57}},"loc":{"start":{"line":2,"column":71},"end":{"line":4,"column":1}},"line":2},"1":{"name":"(anonymous_1)","decl":{"start":{"line":7,"column":22},"end":{"line":7,"column":23}},"loc":{"start":{"line":7,"column":28},"end":{"line":13,"column":1}},"line":7}},"branchMap":{"0":{"loc":{"start":{"line":2,"column":22},"end":{"line":4,"column":1}},"type":"binary-expr","locations":[{"start":{"line":2,"column":23},"end":{"line":2,"column":27}},{"start":{"line":2,"column":31},"end":{"line":2,"column":51}},{"start":{"line":2,"column":56},"end":{"line":4,"column":1}}],"line":2},"1":{"loc":{"start":{"line":3,"column":11},"end":{"line":3,"column":61}},"type":"cond-expr","locations":[{"start":{"line":3,"column":37},"end":{"line":3,"column":40}},{"start":{"line":3,"column":43},"end":{"line":3,"column":61}}],"line":3},"2":{"loc":{"start":{"line":3,"column":12},"end":{"line":3,"column":33}},"type":"binary-expr","locations":[{"start":{"line":3,"column":12},"end":{"line":3,"column":15}},{"start":{"line":3,"column":19},"end":{"line":3,"column":33}}],"line":3}},"s":{"0":1,"1":1,"2":1,"3":1,"4":1,"5":1,"6":1,"7":1,"8":1,"9":1},"f":{"0":1,"1":1},"b":{"0":[1,1,1],"1":[0,1],"2":[1,1]},"inputSourceMap":{"version":3,"file":"vuelos.js","sourceRoot":"","sources":["vuelos.ts"],"names":[],"mappings":";;;;;AAAA,oFAA2C;AAE3C,eAAK,CAAC,KAAK,CAAC,GAAG,EAAE;IACb,eAAK,CAAC,GAAG,CAAC,SAAS,EAAE,wBAAwB,CAAC,CAAC;IAC/C,eAAK,CAAC,GAAG,CAAC,aAAa,EAAE,uBAAuB,CAAC,CAAC;IAClD,eAAK,CAAC,IAAI,CAAC,aAAa,EAAE,wBAAwB,CAAC,CAAC;IACpD,eAAK,CAAC,GAAG,CAAC,aAAa,EAAE,yBAAyB,CAAC,CAAC;IACpD,eAAK,CAAC,MAAM,CAAC,aAAa,EAAE,0BAA0B,CAAC,CAAC;AAC5D,CAAC,CAAC,CAAA","sourcesContent":["import Route from '@ioc:Adonis/Core/Route';\r\n\r\nRoute.group(() => {\r\n    Route.get(\"/vuelos\", \"VuelosController.index\");\r\n    Route.get(\"/vuelos/:id\", \"VuelosController.show\");\r\n    Route.post(\"/vuelos/:id\", \"VuelosController.store\");\r\n    Route.put(\"/vuelos/:id\", \"VuelosController.update\");\r\n    Route.delete(\"/vuelos/:id\", \"VuelosController.destroy\");\r\n})\r\n"]},"_coverageSchema":"1a1c01bbd47fc00a2c39e90264f33305004495a9","hash":"461fadc6838d91e4525bf18f70427d990e4d245d","contentHash":"224fd3f858ef224cb7352a5bb8284df8cd25f3f0b9a0fc2741d27e9517a08796"},"C:\\Users\\ASUS\\Desktop\\Universidad\\Proyecto\\Guacal-app\\start\\kernel.ts":{"path":"C:\\Users\\ASUS\\Desktop\\Universidad\\Proyecto\\Guacal-app\\start\\kernel.ts","statementMap":{"0":{"start":{"line":2,"column":22},"end":{"line":12,"column":3}},"1":{"start":{"line":3,"column":4},"end":{"line":3,"column":33}},"2":{"start":{"line":3,"column":26},"end":{"line":3,"column":33}},"3":{"start":{"line":4,"column":15},"end":{"line":4,"column":52}},"4":{"start":{"line":5,"column":4},"end":{"line":7,"column":5}},"5":{"start":{"line":6,"column":6},"end":{"line":6,"column":68}},"6":{"start":{"line":6,"column":51},"end":{"line":6,"column":63}},"7":{"start":{"line":8,"column":4},"end":{"line":8,"column":39}},"8":{"start":{"line":10,"column":4},"end":{"line":10,"column":33}},"9":{"start":{"line":10,"column":26},"end":{"line":10,"column":33}},"10":{"start":{"line":11,"column":4},"end":{"line":11,"column":17}},"11":{"start":{"line":13,"column":25},"end":{"line":17,"column":2}},"12":{"start":{"line":14,"column":4},"end":{"line":14,"column":72}},"13":{"start":{"line":16,"column":4},"end":{"line":16,"column":21}},"14":{"start":{"line":18,"column":19},"end":{"line":24,"column":1}},"15":{"start":{"line":19,"column":4},"end":{"line":19,"column":42}},"16":{"start":{"line":19,"column":31},"end":{"line":19,"column":42}},"17":{"start":{"line":20,"column":17},"end":{"line":20,"column":19}},"18":{"start":{"line":21,"column":4},"end":{"line":21,"column":141}},"19":{"start":{"line":21,"column":21},"end":{"line":21,"column":141}},"20":{"start":{"line":21,"column":40},"end":{"line":21,"column":141}},"21":{"start":{"line":21,"column":109},"end":{"line":21,"column":141}},"22":{"start":{"line":22,"column":4},"end":{"line":22,"column":36}},"23":{"start":{"line":23,"column":4},"end":{"line":23,"column":18}},"24":{"start":{"line":25,"column":22},"end":{"line":27,"column":1}},"25":{"start":{"line":26,"column":4},"end":{"line":26,"column":62}},"26":{"start":{"line":28,"column":0},"end":{"line":28,"column":62}},"27":{"start":{"line":29,"column":17},"end":{"line":29,"column":85}},"28":{"start":{"line":30,"column":0},"end":{"line":30,"column":146}},"29":{"start":{"line":30,"column":44},"end":{"line":30,"column":143}},"30":{"start":{"line":30,"column":73},"end":{"line":30,"column":142}},"31":{"start":{"line":31,"column":0},"end":{"line":34,"column":3}},"32":{"start":{"line":32,"column":16},"end":{"line":32,"column":112}},"33":{"start":{"line":32,"column":45},"end":{"line":32,"column":111}},"34":{"start":{"line":33,"column":20},"end":{"line":33,"column":119}},"35":{"start":{"line":33,"column":49},"end":{"line":33,"column":118}}},"fnMap":{"0":{"name":"(anonymous_0)","decl":{"start":{"line":2,"column":74},"end":{"line":2,"column":75}},"loc":{"start":{"line":2,"column":96},"end":{"line":9,"column":1}},"line":2},"1":{"name":"(anonymous_1)","decl":{"start":{"line":6,"column":38},"end":{"line":6,"column":39}},"loc":{"start":{"line":6,"column":49},"end":{"line":6,"column":65}},"line":6},"2":{"name":"(anonymous_2)","decl":{"start":{"line":9,"column":6},"end":{"line":9,"column":7}},"loc":{"start":{"line":9,"column":28},"end":{"line":12,"column":1}},"line":9},"3":{"name":"(anonymous_3)","decl":{"start":{"line":13,"column":80},"end":{"line":13,"column":81}},"loc":{"start":{"line":13,"column":95},"end":{"line":15,"column":1}},"line":13},"4":{"name":"(anonymous_4)","decl":{"start":{"line":15,"column":5},"end":{"line":15,"column":6}},"loc":{"start":{"line":15,"column":20},"end":{"line":17,"column":1}},"line":15},"5":{"name":"(anonymous_5)","decl":{"start":{"line":18,"column":50},"end":{"line":18,"column":51}},"loc":{"start":{"line":18,"column":65},"end":{"line":24,"column":1}},"line":18},"6":{"name":"(anonymous_6)","decl":{"start":{"line":25,"column":56},"end":{"line":25,"column":57}},"loc":{"start":{"line":25,"column":71},"end":{"line":27,"column":1}},"line":25},"7":{"name":"(anonymous_7)","decl":{"start":{"line":30,"column":38},"end":{"line":30,"column":39}},"loc":{"start":{"line":30,"column":44},"end":{"line":30,"column":143}},"line":30},"8":{"name":"(anonymous_8)","decl":{"start":{"line":30,"column":67},"end":{"line":30,"column":68}},"loc":{"start":{"line":30,"column":73},"end":{"line":30,"column":142}},"line":30},"9":{"name":"(anonymous_9)","decl":{"start":{"line":32,"column":10},"end":{"line":32,"column":11}},"loc":{"start":{"line":32,"column":16},"end":{"line":32,"column":112}},"line":32},"10":{"name":"(anonymous_10)","decl":{"start":{"line":32,"column":39},"end":{"line":32,"column":40}},"loc":{"start":{"line":32,"column":45},"end":{"line":32,"column":111}},"line":32},"11":{"name":"(anonymous_11)","decl":{"start":{"line":33,"column":14},"end":{"line":33,"column":15}},"loc":{"start":{"line":33,"column":20},"end":{"line":33,"column":119}},"line":33},"12":{"name":"(anonymous_12)","decl":{"start":{"line":33,"column":43},"end":{"line":33,"column":44}},"loc":{"start":{"line":33,"column":49},"end":{"line":33,"column":118}},"line":33}},"branchMap":{"0":{"loc":{"start":{"line":2,"column":22},"end":{"line":12,"column":3}},"type":"binary-expr","locations":[{"start":{"line":2,"column":23},"end":{"line":2,"column":27}},{"start":{"line":2,"column":31},"end":{"line":2,"column":51}},{"start":{"line":2,"column":57},"end":{"line":12,"column":2}}],"line":2},"1":{"loc":{"start":{"line":2,"column":57},"end":{"line":12,"column":2}},"type":"cond-expr","locations":[{"start":{"line":2,"column":74},"end":{"line":9,"column":1}},{"start":{"line":9,"column":6},"end":{"line":12,"column":1}}],"line":2},"2":{"loc":{"start":{"line":3,"column":4},"end":{"line":3,"column":33}},"type":"if","locations":[{"start":{"line":3,"column":4},"end":{"line":3,"column":33}},{"start":{"line":3,"column":4},"end":{"line":3,"column":33}}],"line":3},"3":{"loc":{"start":{"line":5,"column":4},"end":{"line":7,"column":5}},"type":"if","locations":[{"start":{"line":5,"column":4},"end":{"line":7,"column":5}},{"start":{"line":5,"column":4},"end":{"line":7,"column":5}}],"line":5},"4":{"loc":{"start":{"line":5,"column":8},"end":{"line":5,"column":85}},"type":"binary-expr","locations":[{"start":{"line":5,"column":8},"end":{"line":5,"column":13}},{"start":{"line":5,"column":18},"end":{"line":5,"column":84}}],"line":5},"5":{"loc":{"start":{"line":5,"column":18},"end":{"line":5,"column":84}},"type":"cond-expr","locations":[{"start":{"line":5,"column":34},"end":{"line":5,"column":47}},{"start":{"line":5,"column":50},"end":{"line":5,"column":84}}],"line":5},"6":{"loc":{"start":{"line":5,"column":50},"end":{"line":5,"column":84}},"type":"binary-expr","locations":[{"start":{"line":5,"column":50},"end":{"line":5,"column":63}},{"start":{"line":5,"column":67},"end":{"line":5,"column":84}}],"line":5},"7":{"loc":{"start":{"line":10,"column":4},"end":{"line":10,"column":33}},"type":"if","locations":[{"start":{"line":10,"column":4},"end":{"line":10,"column":33}},{"start":{"line":10,"column":4},"end":{"line":10,"column":33}}],"line":10},"8":{"loc":{"start":{"line":13,"column":25},"end":{"line":17,"column":2}},"type":"binary-expr","locations":[{"start":{"line":13,"column":26},"end":{"line":13,"column":30}},{"start":{"line":13,"column":34},"end":{"line":13,"column":57}},{"start":{"line":13,"column":63},"end":{"line":17,"column":1}}],"line":13},"9":{"loc":{"start":{"line":13,"column":63},"end":{"line":17,"column":1}},"type":"cond-expr","locations":[{"start":{"line":13,"column":80},"end":{"line":15,"column":1}},{"start":{"line":15,"column":5},"end":{"line":17,"column":1}}],"line":13},"10":{"loc":{"start":{"line":18,"column":19},"end":{"line":24,"column":1}},"type":"binary-expr","locations":[{"start":{"line":18,"column":20},"end":{"line":18,"column":24}},{"start":{"line":18,"column":28},"end":{"line":18,"column":45}},{"start":{"line":18,"column":50},"end":{"line":24,"column":1}}],"line":18},"11":{"loc":{"start":{"line":19,"column":4},"end":{"line":19,"column":42}},"type":"if","locations":[{"start":{"line":19,"column":4},"end":{"line":19,"column":42}},{"start":{"line":19,"column":4},"end":{"line":19,"column":42}}],"line":19},"12":{"loc":{"start":{"line":19,"column":8},"end":{"line":19,"column":29}},"type":"binary-expr","locations":[{"start":{"line":19,"column":8},"end":{"line":19,"column":11}},{"start":{"line":19,"column":15},"end":{"line":19,"column":29}}],"line":19},"13":{"loc":{"start":{"line":21,"column":4},"end":{"line":21,"column":141}},"type":"if","locations":[{"start":{"line":21,"column":4},"end":{"line":21,"column":141}},{"start":{"line":21,"column":4},"end":{"line":21,"column":141}}],"line":21},"14":{"loc":{"start":{"line":21,"column":40},"end":{"line":21,"column":141}},"type":"if","locations":[{"start":{"line":21,"column":40},"end":{"line":21,"column":141}},{"start":{"line":21,"column":40},"end":{"line":21,"column":141}}],"line":21},"15":{"loc":{"start":{"line":21,"column":44},"end":{"line":21,"column":107}},"type":"binary-expr","locations":[{"start":{"line":21,"column":44},"end":{"line":21,"column":59}},{"start":{"line":21,"column":63},"end":{"line":21,"column":107}}],"line":21},"16":{"loc":{"start":{"line":25,"column":22},"end":{"line":27,"column":1}},"type":"binary-expr","locations":[{"start":{"line":25,"column":23},"end":{"line":25,"column":27}},{"start":{"line":25,"column":31},"end":{"line":25,"column":51}},{"start":{"line":25,"column":56},"end":{"line":27,"column":1}}],"line":25},"17":{"loc":{"start":{"line":26,"column":11},"end":{"line":26,"column":61}},"type":"cond-expr","locations":[{"start":{"line":26,"column":37},"end":{"line":26,"column":40}},{"start":{"line":26,"column":43},"end":{"line":26,"column":61}}],"line":26},"18":{"loc":{"start":{"line":26,"column":12},"end":{"line":26,"column":33}},"type":"binary-expr","locations":[{"start":{"line":26,"column":12},"end":{"line":26,"column":15}},{"start":{"line":26,"column":19},"end":{"line":26,"column":33}}],"line":26}},"s":{"0":1,"1":0,"2":0,"3":0,"4":0,"5":0,"6":0,"7":0,"8":0,"9":0,"10":0,"11":1,"12":17,"13":0,"14":1,"15":17,"16":0,"17":17,"18":17,"19":17,"20":0,"21":0,"22":17,"23":17,"24":1,"25":1,"26":1,"27":1,"28":1,"29":17,"30":17,"31":1,"32":0,"33":0,"34":0,"35":0},"f":{"0":0,"1":0,"2":0,"3":17,"4":0,"5":17,"6":1,"7":17,"8":17,"9":0,"10":0,"11":0,"12":0},"b":{"0":[1,1,1],"1":[1,0],"2":[0,0],"3":[0,0],"4":[0,0],"5":[0,0],"6":[0,0],"7":[0,0],"8":[1,1,1],"9":[1,0],"10":[1,1,1],"11":[0,17],"12":[17,17],"13":[17,0],"14":[0,0],"15":[0,0],"16":[1,1,1],"17":[0,1],"18":[1,1]},"inputSourceMap":{"version":3,"file":"kernel.js","sourceRoot":"","sources":["kernel.ts"],"names":[],"mappings":";;;;;;;;;;;;;;;;;;;;;;;;;;;;AAWA,sFAA4C;AAW5C,gBAAM,CAAC,UAAU,CAAC,QAAQ,CAAC,CAAC,GAAG,EAAE,oGAAsC,CAAC,CAAC,CAAA;AAkBzE,gBAAM,CAAC,UAAU,CAAC,aAAa,CAAC;IAC5B,IAAI,EAAE,GAAG,EAAE,yEAAQ,qBAAqB,GAAC;IACzC,QAAQ,EAAC,GAAG,EAAE,yEAAQ,wBAAwB,GAAC;CAClD,CAAC,CAAA","sourcesContent":["/*\r\n|--------------------------------------------------------------------------\r\n| Application middleware\r\n|--------------------------------------------------------------------------\r\n|\r\n| This file is used to define middleware for HTTP requests. You can register\r\n| middleware as a `closure` or an IoC container binding. The bindings are\r\n| preferred, since they keep this file clean.\r\n|\r\n*/\r\n\r\nimport Server from '@ioc:Adonis/Core/Server'\r\n\r\n/*\r\n|--------------------------------------------------------------------------\r\n| Global middleware\r\n|--------------------------------------------------------------------------\r\n|\r\n| An array of global middleware, that will be executed in the order they\r\n| are defined for every HTTP requests.\r\n|\r\n*/\r\nServer.middleware.register([() => import('@ioc:Adonis/Core/BodyParser')])\r\n\r\n/*\r\n|--------------------------------------------------------------------------\r\n| Named middleware\r\n|--------------------------------------------------------------------------\r\n|\r\n| Named middleware are defined as key-value pair. The value is the namespace\r\n| or middleware function and key is the alias. Later you can use these\r\n| alias on individual routes. For example:\r\n|\r\n| { auth: () => import('App/Middleware/Auth') }\r\n|\r\n| and then use it as follows\r\n|\r\n| Route.get('dashboard', 'UserController.dashboard').middleware('auth')\r\n|\r\n*/\r\nServer.middleware.registerNamed({\r\n    auth: () => import('App/Middleware/Auth'),\r\n    permisos:() => import('App/Middleware/Permiso')\r\n})\r\n"]},"_coverageSchema":"1a1c01bbd47fc00a2c39e90264f33305004495a9","hash":"06065a7681089b46602eff46c2f4d29271a7b591","contentHash":"3161163c6d2b6f3f2d8abfbcb923f822e86c67a9c202dd5bf7f1201a0b556246"},"C:\\Users\\ASUS\\Desktop\\Universidad\\Proyecto\\Guacal-app\\tests\\bootstrap.ts":{"path":"C:\\Users\\ASUS\\Desktop\\Universidad\\Proyecto\\Guacal-app\\tests\\bootstrap.ts","statementMap":{"0":{"start":{"line":2,"column":22},"end":{"line":4,"column":1}},"1":{"start":{"line":3,"column":4},"end":{"line":3,"column":62}},"2":{"start":{"line":5,"column":0},"end":{"line":5,"column":62}},"3":{"start":{"line":6,"column":0},"end":{"line":6,"column":92}},"4":{"start":{"line":7,"column":20},"end":{"line":7,"column":91}},"5":{"start":{"line":8,"column":24},"end":{"line":8,"column":54}},"6":{"start":{"line":9,"column":0},"end":{"line":9,"column":123}},"7":{"start":{"line":10,"column":0},"end":{"line":10,"column":58}},"8":{"start":{"line":11,"column":0},"end":{"line":14,"column":2}},"9":{"start":{"line":12,"column":18},"end":{"line":12,"column":58}},"10":{"start":{"line":15,"column":23},"end":{"line":19,"column":1}},"11":{"start":{"line":16,"column":4},"end":{"line":18,"column":5}},"12":{"start":{"line":17,"column":8},"end":{"line":17,"column":68}},"13":{"start":{"line":17,"column":26},"end":{"line":17,"column":66}},"14":{"start":{"line":20,"column":0},"end":{"line":20,"column":40}}},"fnMap":{"0":{"name":"(anonymous_0)","decl":{"start":{"line":2,"column":56},"end":{"line":2,"column":57}},"loc":{"start":{"line":2,"column":71},"end":{"line":4,"column":1}},"line":2},"1":{"name":"(anonymous_1)","decl":{"start":{"line":12,"column":12},"end":{"line":12,"column":13}},"loc":{"start":{"line":12,"column":18},"end":{"line":12,"column":58}},"line":12},"2":{"name":"(anonymous_2)","decl":{"start":{"line":15,"column":23},"end":{"line":15,"column":24}},"loc":{"start":{"line":15,"column":34},"end":{"line":19,"column":1}},"line":15},"3":{"name":"(anonymous_3)","decl":{"start":{"line":17,"column":20},"end":{"line":17,"column":21}},"loc":{"start":{"line":17,"column":26},"end":{"line":17,"column":66}},"line":17}},"branchMap":{"0":{"loc":{"start":{"line":2,"column":22},"end":{"line":4,"column":1}},"type":"binary-expr","locations":[{"start":{"line":2,"column":23},"end":{"line":2,"column":27}},{"start":{"line":2,"column":31},"end":{"line":2,"column":51}},{"start":{"line":2,"column":56},"end":{"line":4,"column":1}}],"line":2},"1":{"loc":{"start":{"line":3,"column":11},"end":{"line":3,"column":61}},"type":"cond-expr","locations":[{"start":{"line":3,"column":37},"end":{"line":3,"column":40}},{"start":{"line":3,"column":43},"end":{"line":3,"column":61}}],"line":3},"2":{"loc":{"start":{"line":3,"column":12},"end":{"line":3,"column":33}},"type":"binary-expr","locations":[{"start":{"line":3,"column":12},"end":{"line":3,"column":15}},{"start":{"line":3,"column":19},"end":{"line":3,"column":33}}],"line":3},"3":{"loc":{"start":{"line":16,"column":4},"end":{"line":18,"column":5}},"type":"if","locations":[{"start":{"line":16,"column":4},"end":{"line":18,"column":5}},{"start":{"line":16,"column":4},"end":{"line":18,"column":5}}],"line":16}},"s":{"0":1,"1":1,"2":1,"3":1,"4":1,"5":1,"6":1,"7":1,"8":1,"9":1,"10":1,"11":1,"12":1,"13":1,"14":1},"f":{"0":1,"1":1,"2":1,"3":1},"b":{"0":[1,1,1],"1":[0,1],"2":[1,1],"3":[1,0]},"inputSourceMap":{"version":3,"file":"bootstrap.js","sourceRoot":"","sources":["bootstrap.ts"],"names":[],"mappings":";;;;;;AAQA,4FAAkD;AAClD,uDAAqF;AAaxE,QAAA,OAAO,GAAsB,CAAC,IAAA,sBAAM,GAAE,EAAE,IAAA,8BAAc,GAAE,EAAE,IAAA,yBAAS,GAAE,CAAC,CAAA;AAYtE,QAAA,SAAS,GAAwB,CAAC,IAAA,4BAAY,GAAE,CAAC,CAAA;AAcjD,QAAA,WAAW,GAAiD;IACvE,KAAK,EAAE,CAAC,GAAG,EAAE,CAAC,mBAAS,CAAC,GAAG,EAAE,CAAC,YAAY,EAAE,CAAC;IAC7C,QAAQ,EAAE,EAAE;CACb,CAAA;AAaM,MAAM,cAAc,GAA6B,CAAC,KAAK,EAAE,EAAE;IAChE,IAAI,KAAK,CAAC,IAAI,KAAK,YAAY,EAAE;QAC/B,KAAK,CAAC,KAAK,CAAC,GAAG,EAAE,CAAC,mBAAS,CAAC,UAAU,EAAE,CAAC,KAAK,EAAE,CAAC,CAAA;KAClD;AACH,CAAC,CAAA;AAJY,QAAA,cAAc,kBAI1B","sourcesContent":["/**\r\n * File source: https://bit.ly/3ukaHTz\r\n *\r\n * Feel free to let us know via PR, if you find something broken in this contract\r\n * file.\r\n */\r\n\r\nimport type { Config } from '@japa/runner'\r\nimport TestUtils from '@ioc:Adonis/Core/TestUtils'\r\nimport { assert, runFailedTests, specReporter, apiClient } from '@japa/preset-adonis'\r\n\r\n/*\r\n|--------------------------------------------------------------------------\r\n| Japa Plugins\r\n|--------------------------------------------------------------------------\r\n|\r\n| Japa plugins allows you to add additional features to Japa. By default\r\n| we register the assertion plugin.\r\n|\r\n| Feel free to remove existing plugins or add more.\r\n|\r\n*/\r\nexport const plugins: Config['plugins'] = [assert(), runFailedTests(), apiClient()]\r\n\r\n/*\r\n|--------------------------------------------------------------------------\r\n| Japa Reporters\r\n|--------------------------------------------------------------------------\r\n|\r\n| Japa reporters displays/saves the progress of tests as they are executed.\r\n| By default, we register the spec reporter to show a detailed report\r\n| of tests on the terminal.\r\n|\r\n*/\r\nexport const reporters: Config['reporters'] = [specReporter()]\r\n\r\n/*\r\n|--------------------------------------------------------------------------\r\n| Runner hooks\r\n|--------------------------------------------------------------------------\r\n|\r\n| Runner hooks are executed after booting the AdonisJS app and\r\n| before the test files are imported.\r\n|\r\n| You can perform actions like starting the HTTP server or running migrations\r\n| within the runner hooks\r\n|\r\n*/\r\nexport const runnerHooks: Required<Pick<Config, 'setup' | 'teardown'>> = {\r\n  setup: [() => TestUtils.ace().loadCommands()],\r\n  teardown: [],\r\n}\r\n\r\n/*\r\n|--------------------------------------------------------------------------\r\n| Configure individual suites\r\n|--------------------------------------------------------------------------\r\n|\r\n| The configureSuite method gets called for every test suite registered\r\n| within \".adonisrc.json\" file.\r\n|\r\n| You can use this method to configure suites. For example: Only start\r\n| the HTTP server when it is a functional suite.\r\n*/\r\nexport const configureSuite: Config['configureSuite'] = (suite) => {\r\n  if (suite.name === 'functional') {\r\n    suite.setup(() => TestUtils.httpServer().start())\r\n  }\r\n}\r\n"]},"_coverageSchema":"1a1c01bbd47fc00a2c39e90264f33305004495a9","hash":"795320f1edf6a644c2f9d8f577ae730004047306","contentHash":"57883e56d39c9e8fb2bf157e1fabf26f099b4d991ac939a362071b6de31f8e3b"},"C:\\Users\\ASUS\\Desktop\\Universidad\\Proyecto\\Guacal-app\\tests\\functional\\aerolinea.spec.ts":{"path":"C:\\Users\\ASUS\\Desktop\\Universidad\\Proyecto\\Guacal-app\\tests\\functional\\aerolinea.spec.ts","statementMap":{"0":{"start":{"line":2,"column":0},"end":{"line":2,"column":62}},"1":{"start":{"line":3,"column":17},"end":{"line":3,"column":40}},"2":{"start":{"line":4,"column":0},"end":{"line":154,"column":3}},"3":{"start":{"line":5,"column":4},"end":{"line":18,"column":7}},"4":{"start":{"line":6,"column":25},"end":{"line":6,"column":58}},"5":{"start":{"line":7,"column":8},"end":{"line":7,"column":35}},"6":{"start":{"line":8,"column":8},"end":{"line":17,"column":11}},"7":{"start":{"line":19,"column":4},"end":{"line":153,"column":7}},"8":{"start":{"line":20,"column":25},"end":{"line":20,"column":56}},"9":{"start":{"line":21,"column":8},"end":{"line":21,"column":35}},"10":{"start":{"line":22,"column":8},"end":{"line":152,"column":11}}},"fnMap":{"0":{"name":"(anonymous_0)","decl":{"start":{"line":4,"column":34},"end":{"line":4,"column":35}},"loc":{"start":{"line":4,"column":40},"end":{"line":154,"column":1}},"line":4},"1":{"name":"(anonymous_1)","decl":{"start":{"line":5,"column":49},"end":{"line":5,"column":50}},"loc":{"start":{"line":5,"column":71},"end":{"line":18,"column":5}},"line":5},"2":{"name":"(anonymous_2)","decl":{"start":{"line":19,"column":44},"end":{"line":19,"column":45}},"loc":{"start":{"line":19,"column":66},"end":{"line":153,"column":5}},"line":19}},"branchMap":{},"s":{"0":1,"1":1,"2":1,"3":1,"4":1,"5":1,"6":1,"7":1,"8":1,"9":1,"10":1},"f":{"0":1,"1":1,"2":1},"b":{},"inputSourceMap":{"version":3,"file":"aerolinea.spec.js","sourceRoot":"","sources":["aerolinea.spec.ts"],"names":[],"mappings":";;AAAA,yCAAmC;AAEnC,aAAI,CAAC,KAAK,CAAC,YAAY,EAAE,GAAG,EAAE;IAC5B,IAAA,aAAI,EAAC,wBAAwB,EAAE,KAAK,EAAE,EAAE,MAAM,EAAE,EAAE,EAAE;QAClD,MAAM,QAAQ,GAAG,MAAM,MAAM,CAAC,GAAG,CAAC,eAAe,CAAC,CAAA;QAClD,QAAQ,CAAC,YAAY,CAAC,GAAG,CAAC,CAAC;QAC3B,QAAQ,CAAC,kBAAkB,CAAC;YAC1B;gBACE,IAAI,EAAE,CAAC;gBACP,QAAQ,EAAE,SAAS;gBACnB,KAAK,EAAE,YAAY;gBACnB,QAAQ,EAAE,IAAI;gBACd,YAAY,EAAE,+BAA+B;gBAC7C,YAAY,EAAE,+BAA+B;aAChD;SAAC,CACD,CAAA;IACH,CAAC,CAAC,CAAC;IACH,IAAA,aAAI,EAAC,mBAAmB,EAAE,KAAK,EAAE,EAAE,MAAM,EAAE,EAAE,EAAE;QAC7C,MAAM,QAAQ,GAAG,MAAM,MAAM,CAAC,GAAG,CAAC,aAAa,CAAC,CAAA;QAChD,QAAQ,CAAC,YAAY,CAAC,GAAG,CAAC,CAAC;QAC3B,QAAQ,CAAC,kBAAkB,CAAC;YAE1B;gBACE,IAAI,EAAE,CAAC;gBACP,QAAQ,EAAE,SAAS;gBACnB,KAAK,EAAE,YAAY;gBACnB,QAAQ,EAAE,IAAI;gBACd,YAAY,EAAE,+BAA+B;gBAC7C,YAAY,EAAE,+BAA+B;gBAC7C,UAAU,EAAE;oBACR;wBACI,IAAI,EAAE,CAAC;wBACP,QAAQ,EAAE,SAAS;wBACnB,QAAQ,EAAE,OAAO;wBACjB,YAAY,EAAE,+BAA+B;wBAC7C,YAAY,EAAE,+BAA+B;wBAC7C,YAAY,EAAE,IAAI;qBACrB;oBACD;wBACI,IAAI,EAAE,CAAC;wBACP,QAAQ,EAAE,SAAS;wBACnB,QAAQ,EAAE,OAAO;wBACjB,YAAY,EAAE,+BAA+B;wBAC7C,YAAY,EAAE,+BAA+B;wBAC7C,YAAY,EAAE,IAAI;qBACrB;oBACD;wBACI,IAAI,EAAE,CAAC;wBACP,QAAQ,EAAE,SAAS;wBACnB,QAAQ,EAAE,OAAO;wBACjB,YAAY,EAAE,+BAA+B;wBAC7C,YAAY,EAAE,+BAA+B;wBAC7C,YAAY,EAAE,IAAI;qBACrB;iBACJ;gBACD,OAAO,EAAE;oBACL;wBACI,IAAI,EAAE,CAAC;wBACP,QAAQ,EAAE,QAAQ;wBAClB,SAAS,EAAE,WAAW;wBACtB,YAAY,EAAE,+BAA+B;wBAC7C,YAAY,EAAE,+BAA+B;qBAChD;oBACD;wBACI,IAAI,EAAE,CAAC;wBACP,QAAQ,EAAE,WAAW;wBACrB,SAAS,EAAE,UAAU;wBACrB,YAAY,EAAE,+BAA+B;wBAC7C,YAAY,EAAE,+BAA+B;qBAChD;iBACJ;aACJ;YACD;gBACI,IAAI,EAAE,CAAC;gBACP,QAAQ,EAAE,OAAO;gBACjB,KAAK,EAAE,YAAY;gBACnB,QAAQ,EAAE,IAAI;gBACd,YAAY,EAAE,+BAA+B;gBAC7C,YAAY,EAAE,+BAA+B;gBAC7C,UAAU,EAAE;oBACR;wBACI,IAAI,EAAE,CAAC;wBACP,QAAQ,EAAE,SAAS;wBACnB,QAAQ,EAAE,OAAO;wBACjB,YAAY,EAAE,+BAA+B;wBAC7C,YAAY,EAAE,+BAA+B;wBAC7C,YAAY,EAAE,IAAI;qBACrB;oBACD;wBACI,IAAI,EAAE,CAAC;wBACP,QAAQ,EAAE,QAAQ;wBAClB,QAAQ,EAAE,OAAO;wBACjB,YAAY,EAAE,+BAA+B;wBAC7C,YAAY,EAAE,+BAA+B;wBAC7C,YAAY,EAAE,IAAI;qBACrB;oBACD;wBACI,IAAI,EAAE,CAAC;wBACP,QAAQ,EAAE,QAAQ;wBAClB,QAAQ,EAAE,OAAO;wBACjB,YAAY,EAAE,+BAA+B;wBAC7C,YAAY,EAAE,+BAA+B;wBAC7C,YAAY,EAAE,IAAI;qBACrB;iBACJ;gBACD,OAAO,EAAE;oBACL;wBACI,IAAI,EAAE,CAAC;wBACP,QAAQ,EAAE,UAAU;wBACpB,SAAS,EAAE,WAAW;wBACtB,YAAY,EAAE,+BAA+B;wBAC7C,YAAY,EAAE,+BAA+B;qBAChD;iBACJ;aACJ;YACD;gBACI,IAAI,EAAE,CAAC;gBACP,QAAQ,EAAE,eAAe;gBACzB,KAAK,EAAE,YAAY;gBACnB,QAAQ,EAAE,IAAI;gBACd,YAAY,EAAE,+BAA+B;gBAC7C,YAAY,EAAE,+BAA+B;gBAC7C,UAAU,EAAE,EAAE;gBACd,OAAO,EAAE;oBACL;wBACI,IAAI,EAAE,CAAC;wBACP,QAAQ,EAAE,WAAW;wBACrB,SAAS,EAAE,SAAS;wBACpB,YAAY,EAAE,+BAA+B;wBAC7C,YAAY,EAAE,+BAA+B;qBAChD;iBACJ;aACJ;YACD;gBACI,IAAI,EAAE,CAAC;gBACP,QAAQ,EAAE,QAAQ;gBAClB,KAAK,EAAE,YAAY;gBACnB,QAAQ,EAAE,IAAI;gBACd,YAAY,EAAE,+BAA+B;gBAC7C,YAAY,EAAE,+BAA+B;gBAC7C,UAAU,EAAE,EAAE;gBACd,OAAO,EAAE;oBACL;wBACI,IAAI,EAAE,CAAC;wBACP,QAAQ,EAAE,SAAS;wBACnB,SAAS,EAAE,QAAQ;wBACnB,YAAY,EAAE,+BAA+B;wBAC7C,YAAY,EAAE,+BAA+B;qBAChD;iBACJ;aACJ;SACE,CAEF,CAAA;IACH,CAAC,CAAC,CAAC;AAIL,CAAC,CAAC,CAAA","sourcesContent":["import { test } from '@japa/runner'\n\ntest.group('Aerolineas', () => {\n  test('Ver Aerolinea segun id', async ({ client }) => {\n    const response = await client.get('/aerolineas/1')\n    response.assertStatus(200);\n    response.assertBodyContains([\n      {\n        \"id\": 1,\n        \"nombre\": \"Avianca\",\n        \"nit\": \"9856987458\",\n        \"codigo\": \"AV\",\n        \"created_at\": \"2022-10-21T16:38:49.000-05:00\",\n        \"updated_at\": \"2022-10-21T16:38:49.000-05:00\"\n    }]\n    )\n  });\n  test('Listar aerolineas', async ({ client }) => {\n    const response = await client.get('/aerolineas')\n    response.assertStatus(200);\n    response.assertBodyContains([\n      \n      {\
[...]
:29,"column":0},"end":{"line":32,"column":50}},"22":{"start":{"line":33,"column":0},"end":{"line":36,"column":46}},"23":{"start":{"line":37,"column":0},"end":{"line":40,"column":47}},"24":{"start":{"line":41,"column":0},"end":{"line":44,"column":47}},"25":{"start":{"line":45,"column":0},"end":{"line":50,"column":43}},"26":{"start":{"line":46,"column":31},"end":{"line":46,"column":46}},"27":{"start":{"line":51,"column":0},"end":{"line":51,"column":30}}},"fnMap":{"0":{"name":"(anonymous_0)","decl":{"start":{"line":2,"column":46},"end":{"line":2,"column":47}},"loc":{"start":{"line":2,"column":87},"end":{"line":7,"column":1}},"line":2},"1":{"name":"(anonymous_1)","decl":{"start":{"line":8,"column":46},"end":{"line":8,"column":47}},"loc":{"start":{"line":8,"column":62},"end":{"line":10,"column":1}},"line":8},"2":{"name":"(anonymous_2)","decl":{"start":{"line":11,"column":56},"end":{"line":11,"column":57}},"loc":{"start":{"line":11,"column":71},"end":{"line":13,"column":1}},"line":11},"3":{"name":"(anonymous_3)","decl":{"start":{"line":46,"column":25},"end":{"line":46,"column":26}},"loc":{"start":{"line":46,"column":31},"end":{"line":46,"column":46}},"line":46}},"branchMap":{"0":{"loc":{"start":{"line":2,"column":17},"end":{"line":7,"column":1}},"type":"binary-expr","locations":[{"start":{"line":2,"column":18},"end":{"line":2,"column":22}},{"start":{"line":2,"column":26},"end":{"line":2,"column":41}},{"start":{"line":2,"column":46},"end":{"line":7,"column":1}}],"line":2},"1":{"loc":{"start":{"line":3,"column":34},"end":{"line":3,"column":125}},"type":"cond-expr","locations":[{"start":{"line":3,"column":42},"end":{"line":3,"column":48}},{"start":{"line":3,"column":51},"end":{"line":3,"column":125}}],"line":3},"2":{"loc":{"start":{"line":3,"column":51},"end":{"line":3,"column":125}},"type":"cond-expr","locations":[{"start":{"line":3,"column":67},"end":{"line":3,"column":118}},{"start":{"line":3,"column":121},"end":{"line":3,"column":125}}],"line":3},"3":{"loc":{"start":{"line":4,"column":4},"end":{"line":5,"column":150}},"type":"if","locations":[{"start":{"line":4,"column":4},"end":{"line":5,"column":150}},{"start":{"line":4,"column":4},"end":{"line":5,"column":150}}],"line":4},"4":{"loc":{"start":{"line":4,"column":8},"end":{"line":4,"column":77}},"type":"binary-expr","locations":[{"start":{"line":4,"column":8},"end":{"line":4,"column":35}},{"start":{"line":4,"column":39},"end":{"line":4,"column":77}}],"line":4},"5":{"loc":{"start":{"line":5,"column":58},"end":{"line":5,"column":150}},"type":"if","locations":[{"start":{"line":5,"column":58},"end":{"line":5,"column":150}},{"start":{"line":5,"column":58},"end":{"line":5,"column":150}}],"line":5},"6":{"loc":{"start":{"line":5,"column":85},"end":{"line":5,"column":149}},"type":"binary-expr","locations":[{"start":{"line":5,"column":86},"end":{"line":5,"column":143}},{"start":{"line":5,"column":148},"end":{"line":5,"column":149}}],"line":5},"7":{"loc":{"start":{"line":5,"column":86},"end":{"line":5,"column":143}},"type":"cond-expr","locations":[{"start":{"line":5,"column":94},"end":{"line":5,"column":98}},{"start":{"line":5,"column":101},"end":{"line":5,"column":143}}],"line":5},"8":{"loc":{"start":{"line":5,"column":101},"end":{"line":5,"column":143}},"type":"cond-expr","locations":[{"start":{"line":5,"column":109},"end":{"line":5,"column":126}},{"start":{"line":5,"column":129},"end":{"line":5,"column":143}}],"line":5},"9":{"loc":{"start":{"line":6,"column":11},"end":{"line":6,"column":62}},"type":"binary-expr","locations":[{"start":{"line":6,"column":11},"end":{"line":6,"column":16}},{"start":{"line":6,"column":20},"end":{"line":6,"column":21}},{"start":{"line":6,"column":25},"end":{"line":6,"column":62}}],"line":6},"10":{"loc":{"start":{"line":8,"column":17},"end":{"line":10,"column":1}},"type":"binary-expr","locations":[{"start":{"line":8,"column":18},"end":{"line":8,"column":22}},{"start":{"line":8,"column":26},"end":{"line":8,"column":41}},{"start":{"line":8,"column":46},"end":{"line":10,"column":1}}],"line":8},"11":{"loc":{"start":{"line":9,"column":4},"end":{"line":9,"column":109}},"type":"if","locations":[{"start":{"line":9,"column":4},"end":{"line":9,"column":109}},{"start":{"line":9,"column":4},"end":{"line":9,"column":109}}],"line":9},"12":{"loc":{"start":{"line":9,"column":8},"end":{"line":9,"column":77}},"type":"binary-expr","locations":[{"start":{"line":9,"column":8},"end":{"line":9,"column":35}},{"start":{"line":9,"column":39},"end":{"line":9,"column":77}}],"line":9},"13":{"loc":{"start":{"line":11,"column":22},"end":{"line":13,"column":1}},"type":"binary-expr","locations":[{"start":{"line":11,"column":23},"end":{"line":11,"column":27}},{"start":{"line":11,"column":31},"end":{"line":11,"column":51}},{"start":{"line":11,"column":56},"end":{"line":13,"column":1}}],"line":11},"14":{"loc":{"start":{"line":12,"column":11},"end":{"line":12,"column":61}},"type":"cond-expr","locations":[{"start":{"line":12,"column":37},"end":{"line":12,"column":40}},{"start":{"line":12,"column":43},"end":{"line":12,"column":61}}],"line":12},"15":{"loc":{"start":{"line":12,"column":12},"end":{"line":12,"column":33}},"type":"binary-expr","locations":[{"start":{"line":12,"column":12},"end":{"line":12,"column":15}},{"start":{"line":12,"column":19},"end":{"line":12,"column":33}}],"line":12},"16":{"loc":{"start":{"line":39,"column":30},"end":{"line":39,"column":132}},"type":"cond-expr","locations":[{"start":{"line":39,"column":121},"end":{"line":39,"column":123}},{"start":{"line":39,"column":126},"end":{"line":39,"column":132}}],"line":39},"17":{"loc":{"start":{"line":39,"column":43},"end":{"line":39,"column":102}},"type":"binary-expr","locations":[{"start":{"line":39,"column":43},"end":{"line":39,"column":82}},{"start":{"line":39,"column":86},"end":{"line":39,"column":102}}],"line":39},"18":{"loc":{"start":{"line":43,"column":30},"end":{"line":43,"column":132}},"type":"cond-expr","locations":[{"start":{"line":43,"column":121},"end":{"line":43,"column":123}},{"start":{"line":43,"column":126},"end":{"line":43,"column":132}}],"line":43},"19":{"loc":{"start":{"line":43,"column":43},"end":{"line":43,"column":102}},"type":"binary-expr","locations":[{"start":{"line":43,"column":43},"end":{"line":43,"column":82}},{"start":{"line":43,"column":86},"end":{"line":43,"column":102}}],"line":43},"20":{"loc":{"start":{"line":49,"column":30},"end":{"line":49,"column":130}},"type":"cond-expr","locations":[{"start":{"line":49,"column":119},"end":{"line":49,"column":121}},{"start":{"line":49,"column":124},"end":{"line":49,"column":130}}],"line":49},"21":{"loc":{"start":{"line":49,"column":43},"end":{"line":49,"column":100}},"type":"binary-expr","locations":[{"start":{"line":49,"column":43},"end":{"line":49,"column":81}},{"start":{"line":49,"column":85},"end":{"line":49,"column":100}}],"line":49}},"s":{"0":1,"1":7,"2":7,"3":7,"4":7,"5":0,"6":0,"7":0,"8":0,"9":7,"10":1,"11":7,"12":7,"13":1,"14":1,"15":1,"16":1,"17":1,"18":1,"19":1,"20":1,"21":1,"22":1,"23":1,"24":1,"25":1,"26":0,"27":1},"f":{"0":7,"1":7,"2":1,"3":0},"b":{"0":[1,1,1],"1":[0,7],"2":[0,7],"3":[7,0],"4":[7,7],"5":[0,0],"6":[0,0],"7":[0,0],"8":[0,0],"9":[7,7,0],"10":[1,1,1],"11":[7,0],"12":[7,7],"13":[1,1,1],"14":[1,0],"15":[1,1],"16":[1,0],"17":[1,1],"18":[1,0],"19":[1,1],"20":[0,1],"21":[1,0]},"inputSourceMap":{"version":3,"file":"Veterinario.js","sourceRoot":"","sources":["Veterinario.ts"],"names":[],"mappings":";;;;;;;;;;;;;;;AAAA,iCAAgC;AAChC,gEAAgF;AAChF,oDAA4B;AAE5B,MAAqB,WAAY,SAAQ,eAAS;CAuBjD;AArBC;IADC,IAAA,YAAM,EAAC,EAAE,SAAS,EAAE,IAAI,EAAE,CAAC;;uCACX;AAGjB;IADC,IAAA,YAAM,GAAE;;2CACY;AAGrB;IADC,IAAA,YAAM,GAAE;;iDACkB;AAG3B;IADC,IAAA,YAAM,GAAE;;6CACa;AAGtB;IADC,YAAM,CAAC,QAAQ,CAAC,EAAE,UAAU,EAAE,IAAI,EAAE,CAAC;kDACpB,gBAAQ,oBAAR,gBAAQ;8CAAA;AAG1B;IADC,YAAM,CAAC,QAAQ,CAAC,EAAE,UAAU,EAAE,IAAI,EAAE,UAAU,EAAE,IAAI,EAAE,CAAC;kDACtC,gBAAQ,oBAAR,gBAAQ;8CAAA;AAK1B;IAHC,IAAA,eAAS,EAAE,GAAG,EAAE,CAAC,eAAK,EAAC;QACtB,QAAQ,EAAC,UAAU;KACpB,CAAC;kDACW,eAAS,oBAAT,eAAS;0CAAc;AAtBtC,8BAuBC","sourcesContent":["import { DateTime } from 'luxon'\r\nimport { BaseModel, belongsTo, column, BelongsTo } from '@ioc:Adonis/Lucid/Orm';\r\nimport Vuelo from './Vuelo';\r\n\r\nexport default class Veterinario extends BaseModel {\r\n  @column({ isPrimary: true })\r\n  public id: number\r\n\r\n  @column()\r\n  public nombre: string\r\n\r\n  @column()\r\n  public especialidad: string\r\n\r\n  @column()\r\n  public id_vuelo:number\r\n  \r\n  @column.dateTime({ autoCreate: true })\r\n  public createdAt: DateTime\r\n\r\n  @column.dateTime({ autoCreate: true, autoUpdate: true })\r\n  public updatedAt: DateTime\r\n\r\n  @belongsTo (() => Vuelo,{\r\n    localKey:'id_vuelo',\r\n  })\r\n  public vuelo:BelongsTo<typeof Vuelo>\r\n}\r\n"]},"_coverageSchema":"1a1c01bbd47fc00a2c39e90264f33305004495a9","hash":"179814c905f76e52f847ed75ecf2dd54f6b8d926","contentHash":"bfb83f4021fd79a2bee7b1107c1a6e6ebef73b628cb2f29ae5b7d267d91bb92a"},"C:\\Users\\ASUS\\Desktop\\Universidad\\Proyecto\\Guacal-app\\app\\Models\\Vuelo.ts":{"path":"C:\\Users\\ASUS\\Desktop\\Universidad\\Proyecto\\Guacal-app\\app\\Models\\Vuelo.ts","statementMap":{"0":{"start":{"line":2,"column":17},"end":{"line":7,"column":1}},"1":{"start":{"line":3,"column":12},"end":{"line":3,"column":28}},"2":{"start":{"line":3,"column":34},"end":{"line":3,"column":125}},"3":{"start":{"line":4,"column":4},"end":{"line":5,"column":150}},"4":{"start":{"line":4,"column":79},"end":{"line":4,"column":131}},"5":{"start":{"line":5,"column":9},"end":{"line":5,"column":150}},"6":{"start":{"line":5,"column":22},"end":{"line":5,"column":43}},"7":{"start":{"line":5,"column":58},"end":{"line":5,"column":150}},"8":{"start":{"line":5,"column":81},"end":{"line":5,"column":150}},"9":{"start":{"line":6,"column":4},"end":{"line":6,"column":66}},"10":{"start":{"line":8,"column":17},"end":{"line":10,"column":1}},"11":{"start":{"line":9,"column":4},"end":{"line":9,"column":109}},"12":{"start":{"line":9,"column":79},"end":{"line":9,"column":109}},"13":{"start":{"line":11,"column":22},"end":{"line":13,"column":1}},"14":{"start":{"line":12,"column":4},"end":{"line":12,"column":62}},"15":{"start":{"line":15,"column":0},"end":{"line":15,"column":62}},"16":{"start":{"line":16,"column":16},"end":{"line":16,"column":32}},"17":{"start":{"line":17,"column":14},"end":{"line":17,"column":63}},"18":{"start":{"line":18,"column":22},"end":{"line":18,"column":63}},"19":{"start":{"line":21,"column":0},"end":{"line":24,"column":34}},"20":{"start":{"line":25,"column":0},"end":{"line":28,"column":43}},"21":{"start":{"line":29,"column":0},"end":{"line":32,"column":44}},"22":{"start":{"line":33,"column":0},"end":{"line":36,"column":41}},"23":{"start":{"line":37,"column":0},"end":{"line":40,"column":39}},"24":{"start":{"line":41,"column":0},"end":{"line":44,"column":44}},"25":{"start":{"line":45,"column":0},"end":{"line":48,"column":46}},"26":{"start":{"line":49,"column":0},"end":{"line":52,"column":41}},"27":{"start":{"line":53,"column":0},"end":{"line":56,"column":41}},"28":{"start":{"line":57,"column":0},"end":{"line":62,"column":43}},"29":{"start":{"line":58,"column":28},"end":{"line":58,"column":49}},"30":{"start":{"line":63,"column":0},"end":{"line":63,"column":24}}},"fnMap":{"0":{"name":"(anonymous_0)","decl":{"start":{"line":2,"column":46},"end":{"line":2,"column":47}},"loc":{"start":{"line":2,"column":87},"end":{"line":7,"column":1}},"line":2},"1":{"name":"(anonymous_1)","decl":{"start":{"line":8,"column":46},"end":{"line":8,"column":47}},"loc":{"start":{"line":8,"column":62},"end":{"line":10,"column":1}},"line":8},"2":{"name":"(anonymous_2)","decl":{"start":{"line":11,"column":56},"end":{"line":11,"column":57}},"loc":{"start":{"line":11,"column":71},"end":{"line":13,"column":1}},"line":11},"3":{"name":"(anonymous_3)","decl":{"start":{"line":58,"column":22},"end":{"line":58,"column":23}},"loc":{"start":{"line":58,"column":28},"end":{"line":58,"column":49}},"line":58}},"branchMap":{"0":{"loc":{"start":{"line":2,"column":17},"end":{"line":7,"column":1}},"type":"binary-expr","locations":[{"start":{"line":2,"column":18},"end":{"line":2,"column":22}},{"start":{"line":2,"column":26},"end":{"line":2,"column":41}},{"start":{"line":2,"column":46},"end":{"line":7,"column":1}}],"line":2},"1":{"loc":{"start":{"line":3,"column":34},"end":{"line":3,"column":125}},"type":"cond-expr","locations":[{"start":{"line":3,"column":42},"end":{"line":3,"column":48}},{"start":{"line":3,"column":51},"end":{"line":3,"column":125}}],"line":3},"2":{"loc":{"start":{"line":3,"column":51},"end":{"line":3,"column":125}},"type":"cond-expr","locations":[{"start":{"line":3,"column":67},"end":{"line":3,"column":118}},{"start":{"line":3,"column":121},"end":{"line":3,"column":125}}],"line":3},"3":{"loc":{"start":{"line":4,"column":4},"end":{"line":5,"column":150}},"type":"if","locations":[{"start":{"line":4,"column":4},"end":{"line":5,"column":150}},{"start":{"line":4,"column":4},"end":{"line":5,"column":150}}],"line":4},"4":{"loc":{"start":{"line":4,"column":8},"end":{"line":4,"column":77}},"type":"binary-expr","locations":[{"start":{"line":4,"column":8},"end":{"line":4,"column":35}},{"start":{"line":4,"column":39},"end":{"line":4,"column":77}}],"line":4},"5":{"loc":{"start":{"line":5,"column":58},"end":{"line":5,"column":150}},"type":"if","locations":[{"start":{"line":5,"column":58},"end":{"line":5,"column":150}},{"start":{"line":5,"column":58},"end":{"line":5,"column":150}}],"line":5},"6":{"loc":{"start":{"line":5,"column":85},"end":{"line":5,"column":149}},"type":"binary-expr","locations":[{"start":{"line":5,"column":86},"end":{"line":5,"column":143}},{"start":{"line":5,"column":148},"end":{"line":5,"column":149}}],"line":5},"7":{"loc":{"start":{"line":5,"column":86},"end":{"line":5,"column":143}},"type":"cond-expr","locations":[{"start":{"line":5,"column":94},"end":{"line":5,"column":98}},{"start":{"line":5,"column":101},"end":{"line":5,"column":143}}],"line":5},"8":{"loc":{"start":{"line":5,"column":101},"end":{"line":5,"column":143}},"type":"cond-expr","locations":[{"start":{"line":5,"column":109},"end":{"line":5,"column":126}},{"start":{"line":5,"column":129},"end":{"line":5,"column":143}}],"line":5},"9":{"loc":{"start":{"line":6,"column":11},"end":{"line":6,"column":62}},"type":"binary-expr","locations":[{"start":{"line":6,"column":11},"end":{"line":6,"column":16}},{"start":{"line":6,"column":20},"end":{"line":6,"column":21}},{"start":{"line":6,"column":25},"end":{"line":6,"column":62}}],"line":6},"10":{"loc":{"start":{"line":8,"column":17},"end":{"line":10,"column":1}},"type":"binary-expr","locations":[{"start":{"line":8,"column":18},"end":{"line":8,"column":22}},{"start":{"line":8,"column":26},"end":{"line":8,"column":41}},{"start":{"line":8,"column":46},"end":{"line":10,"column":1}}],"line":8},"11":{"loc":{"start":{"line":9,"column":4},"end":{"line":9,"column":109}},"type":"if","locations":[{"start":{"line":9,"column":4},"end":{"line":9,"column":109}},{"start":{"line":9,"column":4},"end":{"line":9,"column":109}}],"line":9},"12":{"loc":{"start":{"line":9,"column":8},"end":{"line":9,"column":77}},"type":"binary-expr","locations":[{"start":{"line":9,"column":8},"end":{"line":9,"column":35}},{"start":{"line":9,"column":39},"end":{"line":9,"column":77}}],"line":9},"13":{"loc":{"start":{"line":11,"column":22},"end":{"line":13,"column":1}},"type":"binary-expr","locations":[{"start":{"line":11,"column":23},"end":{"line":11,"column":27}},{"start":{"line":11,"column":31},"end":{"line":11,"column":51}},{"start":{"line":11,"column":56},"end":{"line":13,"column":1}}],"line":11},"14":{"loc":{"start":{"line":12,"column":11},"end":{"line":12,"column":61}},"type":"cond-expr","locations":[{"start":{"line":12,"column":37},"end":{"line":12,"column":40}},{"start":{"line":12,"column":43},"end":{"line":12,"column":61}}],"line":12},"15":{"loc":{"start":{"line":12,"column":12},"end":{"line":12,"column":33}},"type":"binary-expr","locations":[{"start":{"line":12,"column":12},"end":{"line":12,"column":15}},{"start":{"line":12,"column":19},"end":{"line":12,"column":33}}],"line":12},"16":{"loc":{"start":{"line":51,"column":30},"end":{"line":51,"column":132}},"type":"cond-expr","locations":[{"start":{"line":51,"column":121},"end":{"line":51,"column":123}},{"start":{"line":51,"column":126},"end":{"line":51,"column":132}}],"line":51},"17":{"loc":{"start":{"line":51,"column":43},"end":{"line":51,"column":102}},"type":"binary-expr","locations":[{"start":{"line":51,"column":43},"end":{"line":51,"column":82}},{"start":{"line":51,"column":86},"end":{"line":51,"column":102}}],"line":51},"18":{"loc":{"start":{"line":55,"column":30},"end":{"line":55,"column":132}},"type":"cond-expr","locations":[{"start":{"line":55,"column":121},"end":{"line":55,"column":123}},{"start":{"line":55,"column":126},"end":{"line":55,"column":132}}],"line":55},"19":{"loc":{"start":{"line":55,"column":43},"end":{"line":55,"column":102}},"type":"binary-expr","locations":[{"start":{"line":55,"column":43},"end":{"line":55,"column":82}},{"start":{"line":55,"column":86},"end":{"line":55,"column":102}}],"line":55},"20":{"loc":{"start":{"line":61,"column":30},"end":{"line":61,"column":124}},"type":"cond-expr","locations":[{"start":{"line":61,"column":113},"end":{"line":61,"column":115}},{"start":{"line":61,"column":118},"end":{"line":61,"column":124}}],"line":61},"21":{"loc":{"start":{"line":61,"column":43},"end":{"line":61,"column":94}},"type":"binary-expr","locations":[{"start":{"line":61,"column":43},"end":{"line":61,"column":78}},{"start":{"line":61,"column":82},"end":{"line":61,"column":94}}],"line":61}},"s":{"0":1,"1":10,"2":10,"3":10,"4":10,"5":0,"6":0,"7":0,"8":0,"9":10,"10":1,"11":10,"12":10,"13":1,"14":1,"15":1,"16":1,"17":1,"18":1,"19":1,"20":1,"21":1,"22":1,"23":1,"24":1,"25":1,"26":1,"27":1,"28":1,"29":0,"30":1},"f":{"0":10,"1":10,"2":1,"3":0},"b":{"0":[1,1,1],"1":[0,10],"2":[0,10],"3":[10,0],"4":[10,10],"5":[0,0],"6":[0,0],"7":[0,0],"8":[0,0],"9":[10,10,0],"10":[1,1,1],"11":[10,0],"12":[10,10],"13":[1,1,1],"14":[1,0],"15":[1,1],"16":[1,0],"17":[1,1],"18":[1,0],"19":[1,1],"20":[0,1],"21":[1,0]},"inputSourceMap":{"version":3,"file":"Vuelo.js","sourceRoot":"","sources":["Vuelo.ts"],"names":[],"mappings":";;;;;;;;;;;;;;;AAAA,iCAAgC;AAChC,gEAA0E;AAC1E,gEAAwC;AAExC,MAAqB,KAAM,SAAQ,eAAS;CAgC3C;AA9BC;IADC,IAAA,YAAM,EAAC,EAAE,SAAS,EAAE,IAAI,EAAE,CAAC;;iCACX;AAGjB;IADC,IAAA,YAAM,GAAE;;0CACiB;AAG1B;IADC,IAAA,YAAM,GAAE;;2CACkB;AAG3B;IADC,IAAA,YAAM,GAAE;;wCACe;AAGxB;IADC,IAAA,YAAM,GAAE;;sCACa;AAGtB;IADC,IAAA,YAAM,GAAE;;2CACkB;AAG3B;IADC,IAAA,YAAM,GAAE;;6CACoB;AAG7B;IADC,YAAM,CAAC,QAAQ,CAAC,EAAE,UAAU,EAAE,IAAI,EAAE,CAAC;kDACpB,gBAAQ,oBAAR,gBAAQ;wCAAA;AAG1B;IADC,YAAM,CAAC,QAAQ,CAAC,EAAE,UAAU,EAAE,IAAI,EAAE,UAAU,EAAE,IAAI,EAAE,CAAC;kDACtC,gBAAQ,oBAAR,gBAAQ;wCAAA;AAK1B;IAHC,IAAA,YAAM,EAAC,GAAG,EAAE,CAAC,qBAAW,EAAE;QACzB,UAAU,EAAE,gBAAgB;KAC7B,CAAC;kDACkB,YAAM,oBAAN,YAAM;0CAAoB;AA/BhD,wBAgCC","sourcesContent":["import { DateTime } from 'luxon'\r\nimport { BaseModel, column, hasOne, HasOne } from '@ioc:Adonis/Lucid/Orm';\r\nimport Veterinario from './Veterinario';\r\n\r\nexport default class Vuelo extends BaseModel {\r\n  @column({ isPrimary: true })\r\n  public id: number\r\n\r\n  @column()\r\n  public hora_salida: string\r\n  \r\n  @column()\r\n  public hora_llegada: string\r\n\r\n  @column()\r\n  public capacidad: number\r\n\r\n  @column()\r\n  public id_ruta: number\r\n\r\n  @column()\r\n  public id_aerolinea: number\r\n\r\n  @column()\r\n  public id_veterinario: number\r\n\r\n  @column.dateTime({ autoCreate: true })\r\n  public createdAt: DateTime\r\n\r\n  @column.dateTime({ autoCreate: true, autoUpdate: true })\r\n  public updatedAt: DateTime\r\n\r\n  @hasOne(() => Veterinario, {\r\n    foreignKey: 'id_veterinario'\r\n  })\r\n  public veterinario: HasOne<typeof Veterinario>\r\n}\r\n"]},"_coverageSchema":"1a1c01bbd47fc00a2c39e90264f33305004495a9","hash":"53082d74083ceabdd98ee778d38a4eb8597d5317","contentHash":"8dc55709404347035a2014a34b50cc45ee27297872fafb4b94fcb36153b708d7"}}